#
# A fatal error has been detected by the Java Runtime Environment:
#
#  SIGSEGV (0xb) at pc=0x00007f4021e1806c, pid=12172, tid=0x00007f403c3c1700
#
# JRE version: OpenJDK Runtime Environment (8.0_121-b13) (build 1.8.0_121-8u121-b13-0ubuntu1.16.04.2-b13)
# Java VM: OpenJDK 64-Bit Server VM (25.121-b13 mixed mode linux-amd64 compressed oops)
# Problematic frame:
# C  [libdrm_nouveau.so.2+0x406c]
#
# Failed to write core dump. Core dumps have been disabled. To enable core dumping, try "ulimit -c unlimited" before starting Java again
#
# If you would like to submit a bug report, please visit:
#   http://bugreport.java.com/bugreport/crash.jsp
# The crash happened outside the Java Virtual Machine in native code.
# See problematic frame for where to report the bug.
#

---------------  T H R E A D  ---------------

Current thread (0x00007f408c4ab000):  JavaThread "main-SharedResourceRunner" daemon [_thread_in_native, id=12202, stack(0x00007f403c2c1000,0x00007f403c3c2000)]

siginfo: si_signo: 11 (SIGSEGV), si_code: 1 (SEGV_MAPERR), si_addr: 0x0000000000000008

Registers:
RAX=0x0000000000000004, RBX=0x0000000000000000, RCX=0x00007f401802bb90, RDX=0x0000000000000000
RSP=0x00007f403c3c0410, RBP=0x0000000000000000, RSI=0x0000000000000000, RDI=0x00007f401802bc40
R8 =0x00007f401802bdd0, R9 =0x0000000000000001, R10=0x00007f401c15e160, R11=0x00007f401802bb90
R12=0x0000000000000000, R13=0x00007f4018028f50, R14=0x00007f401802bc40, R15=0x0000000000000000
RIP=0x00007f4021e1806c, EFLAGS=0x0000000000010246, CSGSFS=0xec97000000000033, ERR=0x0000000000000004
  TRAPNO=0x000000000000000e

Top of Stack: (sp=0x00007f403c3c0410)
0x00007f403c3c0410:   0000000000000000 00007f401802bdd0
0x00007f403c3c0420:   00007f408c4ab000 00007f4021e1863d
0x00007f403c3c0430:   0000000000000000 00007f401802bc40
0x00007f403c3c0440:   00007f4028004d00 00007f4028004d18
0x00007f403c3c0450:   0000000000000000 0000000000000000
0x00007f403c3c0460:   00007f4028004d28 00007f4021e18709
0x00007f403c3c0470:   00007f401c155100 0000000000000001
0x00007f403c3c0480:   00007f401c10b2f0 00007f401c10bfa0
0x00007f403c3c0490:   00007f401c10b2f0 0000000000000000
0x00007f403c3c04a0:   00007f401c10b2f0 00007f401c155150
0x00007f403c3c04b0:   00007f408c4ab000 00007f4022846f7d
0x00007f403c3c04c0:   00007f408c4ab000 00007f4092cb298c
0x00007f403c3c04d0:   00007f401c155100 00007f401c155100
0x00007f403c3c04e0:   00007f401c1530d0 00007f401c155150
0x00007f403c3c04f0:   00007f401c1530d0 00007f401c110dc0
0x00007f403c3c0500:   00007f401c10b2f0 00007f401c155150
0x00007f403c3c0510:   00007f408c4ab000 00007f40224ded10
0x00007f403c3c0520:   00007f401c15e1b0 00007f401c0190d0
0x00007f403c3c0530:   00007f403df87a40 0000000004c00012
0x00007f403c3c0540:   000000000000009b 00007f402261e4ad
0x00007f403c3c0550:   00007f401c10af40 00007f402261d643
0x00007f403c3c0560:   00007f401c15dfd0 00007f403dd5cabf
0x00007f403c3c0570:   00007f401c15dfd0 00007f401c15dfd0
0x00007f403c3c0580:   00007f401c000b90 00007f403dd2feb9
0x00007f403c3c0590:   00007f403df94058 00007f403c3c0600
0x00007f403c3c05a0:   0000000000000000 00007f403df94058
0x00007f403c3c05b0:   00007f403c3c06c8 00007f403c45eb3e
0x00007f403c3c05c0:   000000010014d7d0 00007f403dd2fde0
0x00007f403c3c05d0:   00007f401c15dfd0 00007f401c000b90
0x00007f403c3c05e0:   00007f403c3c0690 00007f408c4ab1e0
0x00007f403c3c05f0:   00007f403e376af0 00007f403dd2fde0
0x00007f403c3c0600:   00007f403c3c0680 00007f407d017774 

Instructions: (pc=0x00007f4021e1806c)
0x00007f4021e1804c:   ec 28 4c 8b 2f 83 e3 02 4c 8b 47 48 89 d8 83 c8
0x00007f4021e1805c:   04 f6 c2 02 0f 45 d8 c1 ea 08 41 c1 ec 09 89 d5
0x00007f4021e1806c:   8b 56 08 41 8b 75 18 41 83 e4 01 83 e5 01 44 0f
0x00007f4021e1807c:   af e3 0f af eb 39 d6 0f 87 07 01 00 00 41 8b 80 

Register to memory mapping:

RAX=0x0000000000000004 is an unknown value
RBX=0x0000000000000000 is an unknown value
RCX=0x00007f401802bb90 is an unknown value
RDX=0x0000000000000000 is an unknown value
RSP=0x00007f403c3c0410 is pointing into the stack for thread: 0x00007f408c4ab000
RBP=0x0000000000000000 is an unknown value
RSI=0x0000000000000000 is an unknown value
RDI=0x00007f401802bc40 is an unknown value
R8 =0x00007f401802bdd0 is an unknown value
R9 =0x0000000000000001 is an unknown value
R10=0x00007f401c15e160 is an unknown value
R11=0x00007f401802bb90 is an unknown value
R12=0x0000000000000000 is an unknown value
R13=0x00007f4018028f50 is an unknown value
R14=0x00007f401802bc40 is an unknown value
R15=0x0000000000000000 is an unknown value


Stack: [0x00007f403c2c1000,0x00007f403c3c2000],  sp=0x00007f403c3c0410,  free space=1021k
Native frames: (J=compiled Java code, j=interpreted, Vv=VM code, C=native code)
C  [libdrm_nouveau.so.2+0x406c]

Java frames: (J=compiled Java code, j=interpreted, Vv=VM code)
j  jogamp.opengl.x11.glx.GLX.dispatch_glXDestroyContext0(JJJ)V+0
j  jogamp.opengl.x11.glx.GLX.glXDestroyContext(JJ)V+41
j  jogamp.opengl.x11.glx.X11GLXContext.destroyContextARBImpl(J)V+21
j  jogamp.opengl.x11.glx.X11GLXContext.destroyImpl()V+5
j  jogamp.opengl.GLContextImpl.destroy()V+387
j  jogamp.opengl.x11.glx.X11GLXDrawableFactory$SharedResourceImplementation.releaseSharedResource(Ljogamp/opengl/SharedResourceRunner$Resource;)V+149
j  jogamp.opengl.SharedResourceRunner.releaseSharedResources()V+46
j  jogamp.opengl.SharedResourceRunner.run()V+495
j  java.lang.Thread.run()V+11
v  ~StubRoutines::call_stub

---------------  P R O C E S S  ---------------

Java Threads: ( => current thread )
  0x00007f4050002800 JavaThread "SIGTERM handler" daemon [_thread_blocked, id=12211, stack(0x00007f40142a1000,0x00007f40143a2000)]
  0x00007f4008004800 JavaThread "XToolkt-Shutdown-Thread" [_thread_blocked, id=12209, stack(0x00007f40143a2000,0x00007f40144a3000)]
  0x00007f4008001000 JavaThread "NativeWindowFactory_ShutdownHook" [_thread_blocked, id=12207, stack(0x00007f40145a4000,0x00007f40146a5000)]
  0x00007f4050001000 JavaThread "SIGINT handler" daemon [_thread_blocked, id=12206, stack(0x00007f4014b2c000,0x00007f4014c2d000)]
  0x00007f408c007800 JavaThread "DestroyJavaVM" [_thread_blocked, id=12177, stack(0x00007f40932fc000,0x00007f40933fd000)]
  0x00007f408c4ca000 JavaThread "main-AWTAnimator#00" [_thread_blocked, id=12204, stack(0x00007f4020a22000,0x00007f4020b23000)]
  0x00007f408c4c8800 JavaThread "main-SharedResourceRunner" daemon [_thread_blocked, id=12203, stack(0x00007f4023031000,0x00007f4023132000)]
=>0x00007f408c4ab000 JavaThread "main-SharedResourceRunner" daemon [_thread_in_native, id=12202, stack(0x00007f403c2c1000,0x00007f403c3c2000)]
  0x00007f408c485800 JavaThread "AWT-EventQueue-0" [_thread_in_native, id=12201, stack(0x00007f403e590000,0x00007f403e691000)]
  0x00007f408c484800 JavaThread "AWT-Shutdown" [_thread_blocked, id=12200, stack(0x00007f403ee9d000,0x00007f403ef9e000)]
  0x00007f408c427800 JavaThread "process reaper" daemon [_thread_blocked, id=12196, stack(0x00007f4064091000,0x00007f40640ca000)]
  0x00007f408c39d800 JavaThread "AWT-XAWT" daemon [_thread_blocked, id=12193, stack(0x00007f403f8ca000,0x00007f403f9cb000)]
  0x00007f408c378800 JavaThread "Java2D Disposer" daemon [_thread_blocked, id=12192, stack(0x00007f40640ca000,0x00007f40641cb000)]
  0x00007f408c2a8800 JavaThread "Timer-0" [_thread_blocked, id=12191, stack(0x00007f4065def000,0x00007f4065ef0000)]
  0x00007f408c186800 JavaThread "Service Thread" daemon [_thread_blocked, id=12189, stack(0x00007f40660c6000,0x00007f40661c7000)]
  0x00007f408c177000 JavaThread "C1 CompilerThread2" daemon [_thread_blocked, id=12188, stack(0x00007f40661c7000,0x00007f40662c8000)]
  0x00007f408c175000 JavaThread "C2 CompilerThread1" daemon [_thread_blocked, id=12187, stack(0x00007f40662c8000,0x00007f40663c9000)]
  0x00007f408c172000 JavaThread "C2 CompilerThread0" daemon [_thread_blocked, id=12186, stack(0x00007f40663c9000,0x00007f40664ca000)]
  0x00007f408c170000 JavaThread "Signal Dispatcher" daemon [_thread_blocked, id=12185, stack(0x00007f40664ca000,0x00007f40665cb000)]
  0x00007f408c148800 JavaThread "Finalizer" daemon [_thread_blocked, id=12184, stack(0x00007f40668f1000,0x00007f40669f2000)]
  0x00007f408c144000 JavaThread "Reference Handler" daemon [_thread_blocked, id=12183, stack(0x00007f40669f2000,0x00007f4066af3000)]

Other Threads:
  0x00007f408c13c000 VMThread [stack: 0x00007f4066af3000,0x00007f4066bf4000] [id=12182]
  0x00007f408c189000 WatcherThread [stack: 0x00007f4065fc5000,0x00007f40660c6000] [id=12190]

VM state:not at safepoint (normal execution)

VM Mutex/Monitor currently owned by a thread: None

Heap:
 PSYoungGen      total 136192K, used 16817K [0x00000000d6b80000, 0x00000000dfa80000, 0x0000000100000000)
  eden space 126976K, 8% used [0x00000000d6b80000,0x00000000d759c6f0,0x00000000de780000)
  from space 9216K, 70% used [0x00000000df180000,0x00000000df7cff60,0x00000000dfa80000)
  to   space 9728K, 0% used [0x00000000de780000,0x00000000de780000,0x00000000df100000)
 ParOldGen       total 84992K, used 17326K [0x0000000084200000, 0x0000000089500000, 0x00000000d6b80000)
  object space 84992K, 20% used [0x0000000084200000,0x00000000852eb898,0x0000000089500000)
 Metaspace       used 17373K, capacity 17638K, committed 17920K, reserved 1064960K
  class space    used 1665K, capacity 1753K, committed 1792K, reserved 1048576K

Card table byte_map: [0x00007f407cc20000,0x00007f407d000000] byte_map_base: 0x00007f407c7ff000

Marking Bits: (ParMarkBitMap*) 0x00007f40925d7220
 Begin Bits: [0x00007f406c210000, 0x00007f406e108000)
 End Bits:   [0x00007f406e108000, 0x00007f4070000000)

Polling page: 0x00007f4093429000

CodeCache: size=245760Kb used=6731Kb max_used=6743Kb free=239028Kb
 bounds [0x00007f407d000000, 0x00007f407d6a0000, 0x00007f408c000000]
 total_blobs=2625 nmethods=1660 adapters=879
 compilation: enabled

Compilation events (10 events):
Event: 40,895 Thread 0x00007f408c175000 1657       4       java.lang.AbstractStringBuilder::append (62 bytes)
Event: 40,901 Thread 0x00007f408c175000 nmethod 1657 0x00007f407d6636d0 code [0x00007f407d663860, 0x00007f407d663f98]
Event: 42,675 Thread 0x00007f408c172000 1658   !   4       java.lang.StringCoding::encode (120 bytes)
Event: 42,682 Thread 0x00007f408c172000 nmethod 1658 0x00007f407d67c090 code [0x00007f407d67c2c0, 0x00007f407d67cdc0]
Event: 43,777 Thread 0x00007f408c175000 1659       4       com.jogamp.opengl.GLException::<init> (6 bytes)
Event: 43,779 Thread 0x00007f408c175000 nmethod 1659 0x00007f407d68f7d0 code [0x00007f407d68f940, 0x00007f407d68fca8]
Event: 44,425 Thread 0x00007f408c172000 1660       4       com.jogamp.common.nio.Buffers::isDirect (69 bytes)
Event: 44,426 Thread 0x00007f408c172000 nmethod 1660 0x00007f407d6633d0 code [0x00007f407d663520, 0x00007f407d6635f8]
Event: 44,459 Thread 0x00007f408c175000 1661       4       com.jogamp.common.nio.Buffers::getDirectBufferByteOffset (160 bytes)
Event: 44,460 Thread 0x00007f408c175000 nmethod 1661 0x00007f407d68f410 code [0x00007f407d68f560, 0x00007f407d68f6b8]

GC Heap History (10 events):
Event: 0,666 GC heap before
{Heap before GC invocations=2 (full 0):
 PSYoungGen      total 36864K, used 36832K [0x00000000d6b80000, 0x00000000d9480000, 0x0000000100000000)
  eden space 31744K, 100% used [0x00000000d6b80000,0x00000000d8a80000,0x00000000d8a80000)
  from space 5120K, 99% used [0x00000000d8a80000,0x00000000d8f78030,0x00000000d8f80000)
  to   space 5120K, 0% used [0x00000000d8f80000,0x00000000d8f80000,0x00000000d9480000)
 ParOldGen       total 84992K, used 2662K [0x0000000084200000, 0x0000000089500000, 0x00000000d6b80000)
  object space 84992K, 3% used [0x0000000084200000,0x0000000084499aa0,0x0000000089500000)
 Metaspace       used 16287K, capacity 16586K, committed 16896K, reserved 1064960K
  class space    used 1592K, capacity 1685K, committed 1792K, reserved 1048576K
Event: 0,670 GC heap after
Heap after GC invocations=2 (full 0):
 PSYoungGen      total 36864K, used 4150K [0x00000000d6b80000, 0x00000000db380000, 0x0000000100000000)
  eden space 31744K, 0% used [0x00000000d6b80000,0x00000000d6b80000,0x00000000d8a80000)
  from space 5120K, 81% used [0x00000000d8f80000,0x00000000d938d8d8,0x00000000d9480000)
  to   space 5120K, 0% used [0x00000000d8a80000,0x00000000d8a80000,0x00000000d8f80000)
 ParOldGen       total 84992K, used 10446K [0x0000000084200000, 0x0000000089500000, 0x00000000d6b80000)
  object space 84992K, 12% used [0x0000000084200000,0x0000000084c33938,0x0000000089500000)
 Metaspace       used 16287K, capacity 16586K, committed 16896K, reserved 1064960K
  class space    used 1592K, capacity 1685K, committed 1792K, reserved 1048576K
}
Event: 0,748 GC heap before
{Heap before GC invocations=3 (full 0):
 PSYoungGen      total 36864K, used 35894K [0x00000000d6b80000, 0x00000000db380000, 0x0000000100000000)
  eden space 31744K, 100% used [0x00000000d6b80000,0x00000000d8a80000,0x00000000d8a80000)
  from space 5120K, 81% used [0x00000000d8f80000,0x00000000d938d8d8,0x00000000d9480000)
  to   space 5120K, 0% used [0x00000000d8a80000,0x00000000d8a80000,0x00000000d8f80000)
 ParOldGen       total 84992K, used 10446K [0x0000000084200000, 0x0000000089500000, 0x00000000d6b80000)
  object space 84992K, 12% used [0x0000000084200000,0x0000000084c33938,0x0000000089500000)
 Metaspace       used 16288K, capacity 16586K, committed 16896K, reserved 1064960K
  class space    used 1592K, capacity 1685K, committed 1792K, reserved 1048576K
Event: 0,752 GC heap after
Heap after GC invocations=3 (full 0):
 PSYoungGen      total 36864K, used 5088K [0x00000000d6b80000, 0x00000000db380000, 0x0000000100000000)
  eden space 31744K, 0% used [0x00000000d6b80000,0x00000000d6b80000,0x00000000d8a80000)
  from space 5120K, 99% used [0x00000000d8a80000,0x00000000d8f78368,0x00000000d8f80000)
  to   space 5120K, 0% used [0x00000000dae80000,0x00000000dae80000,0x00000000db380000)
 ParOldGen       total 84992K, used 11720K [0x0000000084200000, 0x0000000089500000, 0x00000000d6b80000)
  object space 84992K, 13% used [0x0000000084200000,0x0000000084d72178,0x0000000089500000)
 Metaspace       used 16288K, capacity 16586K, committed 16896K, reserved 1064960K
  class space    used 1592K, capacity 1685K, committed 1792K, reserved 1048576K
}
Event: 0,823 GC heap before
{Heap before GC invocations=4 (full 0):
 PSYoungGen      total 36864K, used 36832K [0x00000000d6b80000, 0x00000000db380000, 0x0000000100000000)
  eden space 31744K, 100% used [0x00000000d6b80000,0x00000000d8a80000,0x00000000d8a80000)
  from space 5120K, 99% used [0x00000000d8a80000,0x00000000d8f78368,0x00000000d8f80000)
  to   space 5120K, 0% used [0x00000000dae80000,0x00000000dae80000,0x00000000db380000)
 ParOldGen       total 84992K, used 11720K [0x0000000084200000, 0x0000000089500000, 0x00000000d6b80000)
  object space 84992K, 13% used [0x0000000084200000,0x0000000084d72178,0x0000000089500000)
 Metaspace       used 16288K, capacity 16586K, committed 16896K, reserved 1064960K
  class space    used 1592K, capacity 1685K, committed 1792K, reserved 1048576K
Event: 0,832 GC heap after
Heap after GC invocations=4 (full 0):
 PSYoungGen      total 68608K, used 5110K [0x00000000d6b80000, 0x00000000db380000, 0x0000000100000000)
  eden space 63488K, 0% used [0x00000000d6b80000,0x00000000d6b80000,0x00000000da980000)
  from space 5120K, 99% used [0x00000000dae80000,0x00000000db37da80,0x00000000db380000)
  to   space 5120K, 0% used [0x00000000da980000,0x00000000da980000,0x00000000dae80000)
 ParOldGen       total 84992K, used 13016K [0x0000000084200000, 0x0000000089500000, 0x00000000d6b80000)
  object space 84992K, 15% used [0x0000000084200000,0x0000000084eb6178,0x0000000089500000)
 Metaspace       used 16288K, capacity 16586K, committed 16896K, reserved 1064960K
  class space    used 1592K, capacity 1685K, committed 1792K, reserved 1048576K
}
Event: 0,962 GC heap before
{Heap before GC invocations=5 (full 0):
 PSYoungGen      total 68608K, used 68598K [0x00000000d6b80000, 0x00000000db380000, 0x0000000100000000)
  eden space 63488K, 100% used [0x00000000d6b80000,0x00000000da980000,0x00000000da980000)
  from space 5120K, 99% used [0x00000000dae80000,0x00000000db37da80,0x00000000db380000)
  to   space 5120K, 0% used [0x00000000da980000,0x00000000da980000,0x00000000dae80000)
 ParOldGen       total 84992K, used 13016K [0x0000000084200000, 0x0000000089500000, 0x00000000d6b80000)
  object space 84992K, 15% used [0x0000000084200000,0x0000000084eb6178,0x0000000089500000)
 Metaspace       used 16288K, capacity 16586K, committed 16896K, reserved 1064960K
  class space    used 1592K, capacity 1685K, committed 1792K, reserved 1048576K
Event: 0,973 GC heap after
Heap after GC invocations=5 (full 0):
 PSYoungGen      total 68608K, used 5103K [0x00000000d6b80000, 0x00000000dfb80000, 0x0000000100000000)
  eden space 63488K, 0% used [0x00000000d6b80000,0x00000000d6b80000,0x00000000da980000)
  from space 5120K, 99% used [0x00000000da980000,0x00000000dae7bd00,0x00000000dae80000)
  to   space 10240K, 0% used [0x00000000df180000,0x00000000df180000,0x00000000dfb80000)
 ParOldGen       total 84992K, used 17318K [0x0000000084200000, 0x0000000089500000, 0x00000000d6b80000)
  object space 84992K, 20% used [0x0000000084200000,0x00000000852e9898,0x0000000089500000)
 Metaspace       used 16288K, capacity 16586K, committed 16896K, reserved 1064960K
  class space    used 1592K, capacity 1685K, committed 1792K, reserved 1048576K
}
Event: 42,778 GC heap before
{Heap before GC invocations=6 (full 0):
 PSYoungGen      total 68608K, used 68591K [0x00000000d6b80000, 0x00000000dfb80000, 0x0000000100000000)
  eden space 63488K, 100% used [0x00000000d6b80000,0x00000000da980000,0x00000000da980000)
  from space 5120K, 99% used [0x00000000da980000,0x00000000dae7bd00,0x00000000dae80000)
  to   space 10240K, 0% used [0x00000000df180000,0x00000000df180000,0x00000000dfb80000)
 ParOldGen       total 84992K, used 17318K [0x0000000084200000, 0x0000000089500000, 0x00000000d6b80000)
  object space 84992K, 20% used [0x0000000084200000,0x00000000852e9898,0x0000000089500000)
 Metaspace       used 17361K, capacity 17638K, committed 17920K, reserved 1064960K
  class space    used 1664K, capacity 1753K, committed 1792K, reserved 1048576K
Event: 42,786 GC heap after
Heap after GC invocations=6 (full 0):
 PSYoungGen      total 136192K, used 6463K [0x00000000d6b80000, 0x00000000dfa80000, 0x0000000100000000)
  eden space 126976K, 0% used [0x00000000d6b80000,0x00000000d6b80000,0x00000000de780000)
  from space 9216K, 70% used [0x00000000df180000,0x00000000df7cff60,0x00000000dfa80000)
  to   space 9728K, 0% used [0x00000000de780000,0x00000000de780000,0x00000000df100000)
 ParOldGen       total 84992K, used 17326K [0x0000000084200000, 0x0000000089500000, 0x00000000d6b80000)
  object space 84992K, 20% used [0x0000000084200000,0x00000000852eb898,0x0000000089500000)
 Metaspace       used 17361K, capacity 17638K, committed 17920K, reserved 1064960K
  class space    used 1664K, capacity 1753K, committed 1792K, reserved 1048576K
}

Deoptimization events (10 events):
Event: 1,143 Thread 0x00007f408c4ca000 Uncommon trap: reason=unstable_if action=reinterpret pc=0x00007f407d3200b8 method=jogamp.opengl.FPSCounterImpl.tickFPS()V @ 14
Event: 1,143 Thread 0x00007f408c4ca000 Uncommon trap: reason=unstable_if action=reinterpret pc=0x00007f407d31e71c method=com.jogamp.opengl.awt.GLCanvas.validateGLDrawable()Z @ 33
Event: 2,140 Thread 0x00007f408c2a8800 Uncommon trap: reason=unstable_if action=reinterpret pc=0x00007f407d4c11dc method=modele.ObjetSimple3D.updateAngle()V @ 7
Event: 3,660 Thread 0x00007f408c2a8800 Uncommon trap: reason=unstable_if action=reinterpret pc=0x00007f407d4af77c method=modele.ObjetSimple3D.updateAngle()V @ 7
Event: 22,008 Thread 0x00007f408c39d800 Uncommon trap: reason=unstable_if action=reinterpret pc=0x00007f407d637e9c method=java.util.TreeMap.getEntry(Ljava/lang/Object;)Ljava/util/TreeMap$Entry; @ 36
Event: 22,008 Thread 0x00007f408c39d800 Uncommon trap: reason=unstable_if action=reinterpret pc=0x00007f407d610950 method=java.util.TreeMap.getEntry(Ljava/lang/Object;)Ljava/util/TreeMap$Entry; @ 36
Event: 45,583 Thread 0x00007f408c4ab000 Uncommon trap: reason=class_check action=maybe_recompile pc=0x00007f407d653200 method=jogamp.opengl.GLDrawableImpl.getHandle()J @ 4
Event: 45,583 Thread 0x00007f408c4ab000 Uncommon trap: reason=class_check action=maybe_recompile pc=0x00007f407d653200 method=jogamp.opengl.GLDrawableImpl.getHandle()J @ 4
Event: 45,583 Thread 0x00007f408c4ab000 Uncommon trap: reason=class_check action=maybe_recompile pc=0x00007f407d653200 method=jogamp.opengl.GLDrawableImpl.getHandle()J @ 4
Event: 45,591 Thread 0x00007f408c4ab000 Uncommon trap: reason=class_check action=maybe_recompile pc=0x00007f407d653200 method=jogamp.opengl.GLDrawableImpl.getHandle()J @ 4

Internal exceptions (10 events):
Event: 1,148 Thread 0x00007f408c485800 Exception <a 'java/lang/reflect/InvocationTargetException'> (0x00000000d993f208) thrown at [/build/openjdk-8-YiEakL/openjdk-8-8u121-b13/src/hotspot/src/share/vm/runtime/reflection.cpp, line 1092]
Event: 1,162 Thread 0x00007f408c485800 Exception <a 'java/lang/reflect/InvocationTargetException'> (0x00000000d993fc28) thrown at [/build/openjdk-8-YiEakL/openjdk-8-8u121-b13/src/hotspot/src/share/vm/runtime/reflection.cpp, line 1092]
Event: 1,196 Thread 0x00007f408c485800 Exception <a 'java/lang/UnsupportedOperationException': > (0x00000000d9942e10) thrown at [/build/openjdk-8-YiEakL/openjdk-8-8u121-b13/src/hotspot/src/share/vm/prims/jni.cpp, line 735]
Event: 1,197 Thread 0x00007f408c485800 Exception <a 'java/lang/reflect/InvocationTargetException'> (0x00000000d9943ae8) thrown at [/build/openjdk-8-YiEakL/openjdk-8-8u121-b13/src/hotspot/src/share/vm/runtime/reflection.cpp, line 1092]
Event: 1,201 Thread 0x00007f408c485800 Exception <a 'java/lang/reflect/InvocationTargetException'> (0x00000000d9944570) thrown at [/build/openjdk-8-YiEakL/openjdk-8-8u121-b13/src/hotspot/src/share/vm/runtime/reflection.cpp, line 1092]
Event: 1,201 Thread 0x00007f408c485800 Exception <a 'java/lang/reflect/InvocationTargetException'> (0x00000000d9944e60) thrown at [/build/openjdk-8-YiEakL/openjdk-8-8u121-b13/src/hotspot/src/share/vm/runtime/reflection.cpp, line 1092]
Event: 1,212 Thread 0x00007f408c485800 Exception <a 'java/lang/reflect/InvocationTargetException'> (0x00000000d9947dd0) thrown at [/build/openjdk-8-YiEakL/openjdk-8-8u121-b13/src/hotspot/src/share/vm/runtime/reflection.cpp, line 1092]
Event: 1,744 Thread 0x00007f408c485800 Exception <a 'java/lang/ClassCastException': modele.Repere cannot be cast to modele.Theiere> (0x00000000d997a670) thrown at [/build/openjdk-8-YiEakL/openjdk-8-8u121-b13/src/hotspot/src/share/vm/interpreter/interpreterRuntime.cpp, line 381]
Event: 1,744 Thread 0x00007f408c485800 Exception <a 'java/lang/ClassCastException'> (0x00000000d997a670) thrown at [/build/openjdk-8-YiEakL/openjdk-8-8u121-b13/src/hotspot/src/share/vm/prims/jvm.cpp, line 1394]
Event: 1,744 Thread 0x00007f408c485800 Exception <a 'java/lang/ClassCastException'> (0x00000000d997a670) thrown at [/build/openjdk-8-YiEakL/openjdk-8-8u121-b13/src/hotspot/src/share/vm/prims/jvm.cpp, line 1394]

Events (10 events):
Event: 45,583 Thread 0x00007f408c4ab000 DEOPT UNPACKING pc=0x00007f407d004f69 sp=0x00007f403c3c02a8 mode 2
Event: 45,583 loading class sun/awt/X11/XSystemTrayPeer
Event: 45,583 loading class java/nio/channels/ClosedChannelException
Event: 45,583 Thread 0x00007f4050002800 Thread added: 0x00007f4050002800
Event: 45,583 loading class java/nio/channels/ClosedChannelException done
Event: 45,583 loading class sun/awt/X11/XSystemTrayPeer done
Event: 45,583 Thread 0x00007f4008002800 Thread exited: 0x00007f4008002800
Event: 45,591 Thread 0x00007f408c4ab000 Uncommon trap: trap_request=0xffffffde fr.pc=0x00007f407d653200
Event: 45,591 Thread 0x00007f408c4ab000 DEOPT PACKING pc=0x00007f407d653200 sp=0x00007f403c3c05d0
Event: 45,591 Thread 0x00007f408c4ab000 DEOPT UNPACKING pc=0x00007f407d004f69 sp=0x00007f403c3c0528 mode 2


Dynamic libraries:
00400000-00401000 r-xp 00000000 08:01 15730544                           /usr/lib/jvm/java-8-openjdk-amd64/jre/bin/java
00600000-00601000 r--p 00000000 08:01 15730544                           /usr/lib/jvm/java-8-openjdk-amd64/jre/bin/java
00601000-00602000 rw-p 00001000 08:01 15730544                           /usr/lib/jvm/java-8-openjdk-amd64/jre/bin/java
00e82000-00ea3000 rw-p 00000000 00:00 0                                  [heap]
84200000-89500000 rw-p 00000000 00:00 0 
89500000-d6b80000 ---p 00000000 00:00 0 
d6b80000-dfa80000 rw-p 00000000 00:00 0 
dfa80000-100000000 ---p 00000000 00:00 0 
100000000-1001c0000 rw-p 00000000 00:00 0 
1001c0000-140000000 ---p 00000000 00:00 0 
7f3ff8000000-7f3ff8021000 rw-p 00000000 00:00 0 
7f3ff8021000-7f3ffc000000 ---p 00000000 00:00 0 
7f4000000000-7f4000021000 rw-p 00000000 00:00 0 
7f4000021000-7f4004000000 ---p 00000000 00:00 0 
7f4004000000-7f4004021000 rw-p 00000000 00:00 0 
7f4004021000-7f4008000000 ---p 00000000 00:00 0 
7f4008000000-7f4008021000 rw-p 00000000 00:00 0 
7f4008021000-7f400c000000 ---p 00000000 00:00 0 
7f400c000000-7f400c021000 rw-p 00000000 00:00 0 
7f400c021000-7f4010000000 ---p 00000000 00:00 0 
7f4010000000-7f4010029000 rw-p 00000000 00:00 0 
7f4010029000-7f4014000000 ---p 00000000 00:00 0 
7f40142a1000-7f40142a4000 ---p 00000000 00:00 0 
7f40142a4000-7f40143a2000 rw-p 00000000 00:00 0 
7f40143a2000-7f40143a5000 ---p 00000000 00:00 0 
7f40143a5000-7f40144a3000 rw-p 00000000 00:00 0 
7f40144a3000-7f40144a6000 ---p 00000000 00:00 0 
7f40144a6000-7f40145a4000 rw-p 00000000 00:00 0 
7f40145a4000-7f40145a7000 ---p 00000000 00:00 0 
7f40145a7000-7f40146a5000 rw-p 00000000 00:00 0 
7f40146a5000-7f40148a5000 rw-s 105581000 00:06 364                       /dev/dri/card0
7f40148a5000-7f4014aa5000 rw-s 105381000 00:06 364                       /dev/dri/card0
7f4014b2c000-7f4014b2f000 ---p 00000000 00:00 0 
7f4014b2f000-7f4014c2d000 rw-p 00000000 00:00 0 
7f4014c2d000-7f401562d000 rwxp 00000000 00:00 0 
7f401562d000-7f4017b1f000 r-xp 00000000 08:01 12721001                   /usr/lib/x86_64-linux-gnu/libLLVM-3.8.so.1
7f4017b1f000-7f4017d1f000 ---p 024f2000 08:01 12721001                   /usr/lib/x86_64-linux-gnu/libLLVM-3.8.so.1
7f4017d1f000-7f4017fd4000 r--p 024f2000 08:01 12721001                   /usr/lib/x86_64-linux-gnu/libLLVM-3.8.so.1
7f4017fd4000-7f4017fd6000 rw-p 027a7000 08:01 12721001                   /usr/lib/x86_64-linux-gnu/libLLVM-3.8.so.1
7f4017fd6000-7f4018000000 rw-p 00000000 00:00 0 
7f4018000000-7f4018171000 rw-p 00000000 00:00 0 
7f4018171000-7f401c000000 ---p 00000000 00:00 0 
7f401c000000-7f401c290000 rw-p 00000000 00:00 0 
7f401c290000-7f4020000000 ---p 00000000 00:00 0 
7f4020003000-7f4020203000 rw-s 104c23000 00:06 364                       /dev/dri/card0
7f4020203000-7f4020403000 rw-s 104f4a000 00:06 364                       /dev/dri/card0
7f402048a000-7f402050a000 rw-s 115990000 00:06 364                       /dev/dri/card0
7f402050a000-7f402058a000 rw-s 115910000 00:06 364                       /dev/dri/card0
7f402058a000-7f40206e5000 rw-p 00000000 00:00 0 
7f4020722000-7f40207a2000 rw-s 115890000 00:06 364                       /dev/dri/card0
7f40207a2000-7f4020822000 rw-s 112143000 00:06 364                       /dev/dri/card0
7f4020822000-7f40209e2000 rw-p 00000000 00:00 0 
7f40209e2000-7f4020a22000 ---p 00000000 00:00 0 
7f4020a22000-7f4020a25000 ---p 00000000 00:00 0 
7f4020a25000-7f4020b23000 rw-p 00000000 00:00 0 
7f4020b23000-7f4020b25000 r-xp 00000000 08:01 12725221                   /usr/lib/x86_64-linux-gnu/libXinerama.so.1.0.0
7f4020b25000-7f4020d24000 ---p 00002000 08:01 12725221                   /usr/lib/x86_64-linux-gnu/libXinerama.so.1.0.0
7f4020d24000-7f4020d25000 r--p 00001000 08:01 12725221                   /usr/lib/x86_64-linux-gnu/libXinerama.so.1.0.0
7f4020d25000-7f4020d26000 rw-p 00002000 08:01 12725221                   /usr/lib/x86_64-linux-gnu/libXinerama.so.1.0.0
7f4020d26000-7f4020d5d000 r-xp 00000000 08:01 12725326                   /usr/lib/x86_64-linux-gnu/libtxc_dxtn_s2tc.so.0.0.0
7f4020d5d000-7f4020f5c000 ---p 00037000 08:01 12725326                   /usr/lib/x86_64-linux-gnu/libtxc_dxtn_s2tc.so.0.0.0
7f4020f5c000-7f4020f5d000 r--p 00036000 08:01 12725326                   /usr/lib/x86_64-linux-gnu/libtxc_dxtn_s2tc.so.0.0.0
7f4020f5d000-7f4020f5e000 rw-p 00037000 08:01 12725326                   /usr/lib/x86_64-linux-gnu/libtxc_dxtn_s2tc.so.0.0.0
7f4020f5e000-7f4020f71000 r-xp 00000000 08:01 17957120                   /lib/x86_64-linux-gnu/libbsd.so.0.8.2
7f4020f71000-7f4021170000 ---p 00013000 08:01 17957120                   /lib/x86_64-linux-gnu/libbsd.so.0.8.2
7f4021170000-7f4021171000 r--p 00012000 08:01 17957120                   /lib/x86_64-linux-gnu/libbsd.so.0.8.2
7f4021171000-7f4021172000 rw-p 00013000 08:01 17957120                   /lib/x86_64-linux-gnu/libbsd.so.0.8.2
7f4021172000-7f4021173000 rw-p 00000000 00:00 0 
7f4021173000-7f4021198000 r-xp 00000000 08:01 17956976                   /lib/x86_64-linux-gnu/libtinfo.so.5.9
7f4021198000-7f4021397000 ---p 00025000 08:01 17956976                   /lib/x86_64-linux-gnu/libtinfo.so.5.9
7f4021397000-7f402139b000 r--p 00024000 08:01 17956976                   /lib/x86_64-linux-gnu/libtinfo.so.5.9
7f402139b000-7f402139c000 rw-p 00028000 08:01 17956976                   /lib/x86_64-linux-gnu/libtinfo.so.5.9
7f402139c000-7f40213cd000 r-xp 00000000 08:01 12720091                   /usr/lib/x86_64-linux-gnu/libedit.so.2.0.53
7f40213cd000-7f40215cd000 ---p 00031000 08:01 12720091                   /usr/lib/x86_64-linux-gnu/libedit.so.2.0.53
7f40215cd000-7f40215cf000 r--p 00031000 08:01 12720091                   /usr/lib/x86_64-linux-gnu/libedit.so.2.0.53
7f40215cf000-7f40215d0000 rw-p 00033000 08:01 12720091                   /usr/lib/x86_64-linux-gnu/libedit.so.2.0.53
7f40215d0000-7f40215d4000 rw-p 00000000 00:00 0 
7f40215d4000-7f40215e6000 r-xp 00000000 08:01 17956933                   /lib/x86_64-linux-gnu/libgpg-error.so.0.17.0
7f40215e6000-7f40217e6000 ---p 00012000 08:01 17956933                   /lib/x86_64-linux-gnu/libgpg-error.so.0.17.0
7f40217e6000-7f40217e7000 r--p 00012000 08:01 17956933                   /lib/x86_64-linux-gnu/libgpg-error.so.0.17.0
7f40217e7000-7f40217e8000 rw-p 00013000 08:01 17956933                   /lib/x86_64-linux-gnu/libgpg-error.so.0.17.0
7f40217e8000-7f40217ff000 r-xp 00000000 08:01 12725195                   /usr/lib/x86_64-linux-gnu/libelf-0.165.so
7f40217ff000-7f40219fe000 ---p 00017000 08:01 12725195                   /usr/lib/x86_64-linux-gnu/libelf-0.165.so
7f40219fe000-7f40219ff000 r--p 00016000 08:01 12725195                   /usr/lib/x86_64-linux-gnu/libelf-0.165.so
7f40219ff000-7f4021a00000 rw-p 00017000 08:01 12725195                   /usr/lib/x86_64-linux-gnu/libelf-0.165.so
7f4021a00000-7f4021a07000 r-xp 00000000 08:01 12717111                   /usr/lib/x86_64-linux-gnu/libdrm_amdgpu.so.1.0.0
7f4021a07000-7f4021c06000 ---p 00007000 08:01 12717111                   /usr/lib/x86_64-linux-gnu/libdrm_amdgpu.so.1.0.0
7f4021c06000-7f4021c07000 r--p 00006000 08:01 12717111                   /usr/lib/x86_64-linux-gnu/libdrm_amdgpu.so.1.0.0
7f4021c07000-7f4021c08000 rw-p 00007000 08:01 12717111                   /usr/lib/x86_64-linux-gnu/libdrm_amdgpu.so.1.0.0
7f4021c08000-7f4021c13000 r-xp 00000000 08:01 12717100                   /usr/lib/x86_64-linux-gnu/libdrm_radeon.so.1.0.1
7f4021c13000-7f4021e12000 ---p 0000b000 08:01 12717100                   /usr/lib/x86_64-linux-gnu/libdrm_radeon.so.1.0.1
7f4021e12000-7f4021e13000 r--p 0000a000 08:01 12717100                   /usr/lib/x86_64-linux-gnu/libdrm_radeon.so.1.0.1
7f4021e13000-7f4021e14000 rw-p 0000b000 08:01 12717100                   /usr/lib/x86_64-linux-gnu/libdrm_radeon.so.1.0.1
7f4021e14000-7f4021e1b000 r-xp 00000000 08:01 12717108                   /usr/lib/x86_64-linux-gnu/libdrm_nouveau.so.2.0.0
7f4021e1b000-7f402201a000 ---p 00007000 08:01 12717108                   /usr/lib/x86_64-linux-gnu/libdrm_nouveau.so.2.0.0
7f402201a000-7f402201b000 r--p 00006000 08:01 12717108                   /usr/lib/x86_64-linux-gnu/libdrm_nouveau.so.2.0.0
7f402201b000-7f402201c000 rw-p 00007000 08:01 12717108                   /usr/lib/x86_64-linux-gnu/libdrm_nouveau.so.2.0.0
7f402201c000-7f40220f4000 r-xp 00000000 08:01 17960924                   /lib/x86_64-linux-gnu/libgcrypt.so.20.0.5
7f40220f4000-7f40222f3000 ---p 000d8000 08:01 17960924                   /lib/x86_64-linux-gnu/libgcrypt.so.20.0.5
7f40222f3000-7f40222f4000 r--p 000d7000 08:01 17960924                   /lib/x86_64-linux-gnu/libgcrypt.so.20.0.5
7f40222f4000-7f40222fc000 rw-p 000d8000 08:01 17960924                   /lib/x86_64-linux-gnu/libgcrypt.so.20.0.5
7f40222fc000-7f40222fd000 rw-p 00000000 00:00 0 
7f40222fd000-7f4022bf5000 r-xp 00000000 08:01 12714641                   /usr/lib/x86_64-linux-gnu/dri/nouveau_dri.so
7f4022bf5000-7f4022df5000 ---p 008f8000 08:01 12714641                   /usr/lib/x86_64-linux-gnu/dri/nouveau_dri.so
7f4022df5000-7f4022e2e000 r--p 008f8000 08:01 12714641                   /usr/lib/x86_64-linux-gnu/dri/nouveau_dri.so
7f4022e2e000-7f4022e3a000 rw-p 00931000 08:01 12714641                   /usr/lib/x86_64-linux-gnu/dri/nouveau_dri.so
7f4022e3a000-7f4023031000 rw-p 00000000 00:00 0 
7f4023031000-7f4023034000 ---p 00000000 00:00 0 
7f4023034000-7f4023132000 rw-p 00000000 00:00 0 
7f4023132000-7f402318e000 r-xp 00000000 08:01 21626970                   /tmp/jogamp_0000/file_cache/jln797981714744709243/jln396138244276341971/natives/linux-amd64/libjogl_mobile.so
7f402318e000-7f402338e000 ---p 0005c000 08:01 21626970                   /tmp/jogamp_0000/file_cache/jln797981714744709243/jln396138244276341971/natives/linux-amd64/libjogl_mobile.so
7f402338e000-7f402338f000 rw-p 0005c000 08:01 21626970                   /tmp/jogamp_0000/file_cache/jln797981714744709243/jln396138244276341971/natives/linux-amd64/libjogl_mobile.so
7f402338f000-7f4023396000 r-xp 00000000 08:01 12718631                   /usr/lib/x86_64-linux-gnu/libffi.so.6.0.4
7f4023396000-7f4023595000 ---p 00007000 08:01 12718631                   /usr/lib/x86_64-linux-gnu/libffi.so.6.0.4
7f4023595000-7f4023596000 r--p 00006000 08:01 12718631                   /usr/lib/x86_64-linux-gnu/libffi.so.6.0.4
7f4023596000-7f4023597000 rw-p 00007000 08:01 12718631                   /usr/lib/x86_64-linux-gnu/libffi.so.6.0.4
7f4023597000-7f40235a4000 r-xp 00000000 08:01 12714631                   /usr/lib/x86_64-linux-gnu/libgbm.so.1.0.0
7f40235a4000-7f40237a3000 ---p 0000d000 08:01 12714631                   /usr/lib/x86_64-linux-gnu/libgbm.so.1.0.0
7f40237a3000-7f40237a4000 r--p 0000c000 08:01 12714631                   /usr/lib/x86_64-linux-gnu/libgbm.so.1.0.0
7f40237a4000-7f40237a5000 rw-p 0000d000 08:01 12714631                   /usr/lib/x86_64-linux-gnu/libgbm.so.1.0.0
7f40237a5000-7f40237b4000 r-xp 00000000 08:01 12725165                   /usr/lib/x86_64-linux-gnu/libwayland-server.so.0.1.0
7f40237b4000-7f40239b3000 ---p 0000f000 08:01 12725165                   /usr/lib/x86_64-linux-gnu/libwayland-server.so.0.1.0
7f40239b3000-7f40239b5000 r--p 0000e000 08:01 12725165                   /usr/lib/x86_64-linux-gnu/libwayland-server.so.0.1.0
7f40239b5000-7f40239b6000 rw-p 00010000 08:01 12725165                   /usr/lib/x86_64-linux-gnu/libwayland-server.so.0.1.0
7f40239b6000-7f40239c2000 r-xp 00000000 08:01 12725161                   /usr/lib/x86_64-linux-gnu/libwayland-client.so.0.3.0
7f40239c2000-7f4023bc1000 ---p 0000c000 08:01 12725161                   /usr/lib/x86_64-linux-gnu/libwayland-client.so.0.3.0
7f4023bc1000-7f4023bc3000 r--p 0000b000 08:01 12725161                   /usr/lib/x86_64-linux-gnu/libwayland-client.so.0.3.0
7f4023bc3000-7f4023bc4000 rw-p 0000d000 08:01 12725161                   /usr/lib/x86_64-linux-gnu/libwayland-client.so.0.3.0
7f4023bc4000-7f4023bca000 r-xp 00000000 08:01 12725180                   /usr/lib/x86_64-linux-gnu/libxcb-xfixes.so.0.0.0
7f4023bca000-7f4023dca000 ---p 00006000 08:01 12725180                   /usr/lib/x86_64-linux-gnu/libxcb-xfixes.so.0.0.0
7f4023dca000-7f4023dcb000 r--p 00006000 08:01 12725180                   /usr/lib/x86_64-linux-gnu/libxcb-xfixes.so.0.0.0
7f4023dcb000-7f4023dcc000 rw-p 00007000 08:01 12725180                   /usr/lib/x86_64-linux-gnu/libxcb-xfixes.so.0.0.0
7f4023dcc000-7f4023dfd000 r-xp 00000000 08:01 12714636                   /usr/lib/x86_64-linux-gnu/mesa-egl/libEGL.so.1.0.0
7f4023dfd000-7f4023ffd000 ---p 00031000 08:01 12714636                   /usr/lib/x86_64-linux-gnu/mesa-egl/libEGL.so.1.0.0
7f4023ffd000-7f4023ffe000 r--p 00031000 08:01 12714636                   /usr/lib/x86_64-linux-gnu/mesa-egl/libEGL.so.1.0.0
7f4023ffe000-7f4023fff000 rw-p 00032000 08:01 12714636                   /usr/lib/x86_64-linux-gnu/mesa-egl/libEGL.so.1.0.0
7f4023fff000-7f4024000000 rw-p 00000000 00:00 0 
7f4024000000-7f4024021000 rw-p 00000000 00:00 0 
7f4024021000-7f4028000000 ---p 00000000 00:00 0 
7f4028000000-7f402835c000 rw-p 00000000 00:00 0 
7f402835c000-7f402c000000 ---p 00000000 00:00 0 
7f402c000000-7f402c021000 rw-p 00000000 00:00 0 
7f402c021000-7f4030000000 ---p 00000000 00:00 0 
7f4030000000-7f4030021000 rw-p 00000000 00:00 0 
7f4030021000-7f4034000000 ---p 00000000 00:00 0 
7f4034000000-7f4034021000 rw-p 00000000 00:00 0 
7f4034021000-7f4038000000 ---p 00000000 00:00 0 
7f4038000000-7f4038021000 rw-p 00000000 00:00 0 
7f4038021000-7f403c000000 ---p 00000000 00:00 0 
7f403c038000-7f403c0b8000 rw-s 115810000 00:06 364                       /dev/dri/card0
7f403c0b8000-7f403c0c0000 r-xp 00000000 08:01 12715137                   /usr/lib/x86_64-linux-gnu/mesa-egl/libGLESv2.so.2.0.0
7f403c0c0000-7f403c2bf000 ---p 00008000 08:01 12715137                   /usr/lib/x86_64-linux-gnu/mesa-egl/libGLESv2.so.2.0.0
7f403c2bf000-7f403c2c0000 r--p 00007000 08:01 12715137                   /usr/lib/x86_64-linux-gnu/mesa-egl/libGLESv2.so.2.0.0
7f403c2c0000-7f403c2c1000 rw-p 00008000 08:01 12715137                   /usr/lib/x86_64-linux-gnu/mesa-egl/libGLESv2.so.2.0.0
7f403c2c1000-7f403c2c4000 ---p 00000000 00:00 0 
7f403c2c4000-7f403c3c2000 rw-p 00000000 00:00 0 
7f403c3c2000-7f403c47a000 r-xp 00000000 08:01 21626969                   /tmp/jogamp_0000/file_cache/jln797981714744709243/jln396138244276341971/natives/linux-amd64/libjogl_desktop.so
7f403c47a000-7f403c67a000 ---p 000b8000 08:01 21626969                   /tmp/jogamp_0000/file_cache/jln797981714744709243/jln396138244276341971/natives/linux-amd64/libjogl_desktop.so
7f403c67a000-7f403c67b000 rw-p 000b8000 08:01 21626969                   /tmp/jogamp_0000/file_cache/jln797981714744709243/jln396138244276341971/natives/linux-amd64/libjogl_desktop.so
7f403c67b000-7f403c689000 r-xp 00000000 08:01 12717084                   /usr/lib/x86_64-linux-gnu/libdrm.so.2.4.0
7f403c689000-7f403c888000 ---p 0000e000 08:01 12717084                   /usr/lib/x86_64-linux-gnu/libdrm.so.2.4.0
7f403c888000-7f403c889000 r--p 0000d000 08:01 12717084                   /usr/lib/x86_64-linux-gnu/libdrm.so.2.4.0
7f403c889000-7f403c88a000 rw-p 0000e000 08:01 12717084                   /usr/lib/x86_64-linux-gnu/libdrm.so.2.4.0
7f403c88a000-7f403c88e000 r-xp 00000000 08:01 12725172                   /usr/lib/x86_64-linux-gnu/libxcb-dri2.so.0.0.0
7f403c88e000-7f403ca8d000 ---p 00004000 08:01 12725172                   /usr/lib/x86_64-linux-gnu/libxcb-dri2.so.0.0.0
7f403ca8d000-7f403ca8e000 r--p 00003000 08:01 12725172                   /usr/lib/x86_64-linux-gnu/libxcb-dri2.so.0.0.0
7f403ca8e000-7f403ca8f000 rw-p 00004000 08:01 12725172                   /usr/lib/x86_64-linux-gnu/libxcb-dri2.so.0.0.0
7f403ca8f000-7f403caa6000 r-xp 00000000 08:01 12726049                   /usr/lib/x86_64-linux-gnu/libxcb-glx.so.0.0.0
7f403caa6000-7f403cca5000 ---p 00017000 08:01 12726049                   /usr/lib/x86_64-linux-gnu/libxcb-glx.so.0.0.0
7f403cca5000-7f403cca7000 r--p 00016000 08:01 12726049                   /usr/lib/x86_64-linux-gnu/libxcb-glx.so.0.0.0
7f403cca7000-7f403cca8000 rw-p 00018000 08:01 12726049                   /usr/lib/x86_64-linux-gnu/libxcb-glx.so.0.0.0
7f403cca8000-7f403cca9000 r-xp 00000000 08:01 12725170                   /usr/lib/x86_64-linux-gnu/libX11-xcb.so.1.0.0
7f403cca9000-7f403cea8000 ---p 00001000 08:01 12725170                   /usr/lib/x86_64-linux-gnu/libX11-xcb.so.1.0.0
7f403cea8000-7f403cea9000 r--p 00000000 08:01 12725170                   /usr/lib/x86_64-linux-gnu/libX11-xcb.so.1.0.0
7f403cea9000-7f403ceaa000 rw-p 00001000 08:01 12725170                   /usr/lib/x86_64-linux-gnu/libX11-xcb.so.1.0.0
7f403ceaa000-7f403ceac000 r-xp 00000000 08:01 12725217                   /usr/lib/x86_64-linux-gnu/libXdamage.so.1.1.0
7f403ceac000-7f403d0ab000 ---p 00002000 08:01 12725217                   /usr/lib/x86_64-linux-gnu/libXdamage.so.1.1.0
7f403d0ab000-7f403d0ac000 r--p 00001000 08:01 12725217                   /usr/lib/x86_64-linux-gnu/libXdamage.so.1.1.0
7f403d0ac000-7f403d0ad000 rw-p 00002000 08:01 12725217                   /usr/lib/x86_64-linux-gnu/libXdamage.so.1.1.0
7f403d0ad000-7f403d0d6000 r-xp 00000000 08:01 12715145                   /usr/lib/x86_64-linux-gnu/libglapi.so.0.0.0
7f403d0d6000-7f403d2d6000 ---p 00029000 08:01 12715145                   /usr/lib/x86_64-linux-gnu/libglapi.so.0.0.0
7f403d2d6000-7f403d2da000 r--p 00029000 08:01 12715145                   /usr/lib/x86_64-linux-gnu/libglapi.so.0.0.0
7f403d2da000-7f403d2db000 rw-p 0002d000 08:01 12715145                   /usr/lib/x86_64-linux-gnu/libglapi.so.0.0.0
7f403d2db000-7f403d2dc000 rw-p 00000000 00:00 0 
7f403d2dc000-7f403d2dd000 r-xp 00000000 08:01 12725182                   /usr/lib/x86_64-linux-gnu/libxshmfence.so.1.0.0
7f403d2dd000-7f403d4dd000 ---p 00001000 08:01 12725182                   /usr/lib/x86_64-linux-gnu/libxshmfence.so.1.0.0
7f403d4dd000-7f403d4de000 r--p 00001000 08:01 12725182                   /usr/lib/x86_64-linux-gnu/libxshmfence.so.1.0.0
7f403d4de000-7f403d4df000 rw-p 00002000 08:01 12725182                   /usr/lib/x86_64-linux-gnu/libxshmfence.so.1.0.0
7f403d4df000-7f403d4e4000 r-xp 00000000 08:01 12725178                   /usr/lib/x86_64-linux-gnu/libxcb-sync.so.1.0.0
7f403d4e4000-7f403d6e4000 ---p 00005000 08:01 12725178                   /usr/lib/x86_64-linux-gnu/libxcb-sync.so.1.0.0
7f403d6e4000-7f403d6e5000 r--p 00005000 08:01 12725178                   /usr/lib/x86_64-linux-gnu/libxcb-sync.so.1.0.0
7f403d6e5000-7f403d6e6000 rw-p 00006000 08:01 12725178                   /usr/lib/x86_64-linux-gnu/libxcb-sync.so.1.0.0
7f403d6e6000-7f403d6e8000 r-xp 00000000 08:01 12725176                   /usr/lib/x86_64-linux-gnu/libxcb-present.so.0.0.0
7f403d6e8000-7f403d8e7000 ---p 00002000 08:01 12725176                   /usr/lib/x86_64-linux-gnu/libxcb-present.so.0.0.0
7f403d8e7000-7f403d8e8000 r--p 00001000 08:01 12725176                   /usr/lib/x86_64-linux-gnu/libxcb-present.so.0.0.0
7f403d8e8000-7f403d8e9000 rw-p 00002000 08:01 12725176                   /usr/lib/x86_64-linux-gnu/libxcb-present.so.0.0.0
7f403d8e9000-7f403d8eb000 r-xp 00000000 08:01 12725174                   /usr/lib/x86_64-linux-gnu/libxcb-dri3.so.0.0.0
7f403d8eb000-7f403daea000 ---p 00002000 08:01 12725174                   /usr/lib/x86_64-linux-gnu/libxcb-dri3.so.0.0.0
7f403daea000-7f403daeb000 r--p 00001000 08:01 12725174                   /usr/lib/x86_64-linux-gnu/libxcb-dri3.so.0.0.0
7f403daeb000-7f403daec000 rw-p 00002000 08:01 12725174                   /usr/lib/x86_64-linux-gnu/libxcb-dri3.so.0.0.0
7f403daec000-7f403db12000 r-xp 00000000 08:01 17957041                   /lib/x86_64-linux-gnu/libexpat.so.1.6.0
7f403db12000-7f403dd12000 ---p 00026000 08:01 17957041                   /lib/x86_64-linux-gnu/libexpat.so.1.6.0
7f403dd12000-7f403dd14000 r--p 00026000 08:01 17957041                   /lib/x86_64-linux-gnu/libexpat.so.1.6.0
7f403dd14000-7f403dd15000 rw-p 00028000 08:01 17957041                   /lib/x86_64-linux-gnu/libexpat.so.1.6.0
7f403dd15000-7f403dd85000 r-xp 00000000 08:01 14942428                   /usr/lib/x86_64-linux-gnu/mesa/libGL.so.1.2.0
7f403dd85000-7f403df84000 ---p 00070000 08:01 14942428                   /usr/lib/x86_64-linux-gnu/mesa/libGL.so.1.2.0
7f403df84000-7f403df87000 r--p 0006f000 08:01 14942428                   /usr/lib/x86_64-linux-gnu/mesa/libGL.so.1.2.0
7f403df87000-7f403df88000 rw-p 00072000 08:01 14942428                   /usr/lib/x86_64-linux-gnu/mesa/libGL.so.1.2.0
7f403df88000-7f403e189000 rw-p 00000000 00:00 0 
7f403e189000-7f403e389000 rw-p 00000000 00:00 0 
7f403e389000-7f403e390000 r-xp 00000000 08:01 21626972                   /tmp/jogamp_0000/file_cache/jln797981714744709243/jln396138244276341971/natives/linux-amd64/libnativewindow_x11.so
7f403e390000-7f403e58f000 ---p 00007000 08:01 21626972                   /tmp/jogamp_0000/file_cache/jln797981714744709243/jln396138244276341971/natives/linux-amd64/libnativewindow_x11.so
7f403e58f000-7f403e590000 rw-p 00006000 08:01 21626972                   /tmp/jogamp_0000/file_cache/jln797981714744709243/jln396138244276341971/natives/linux-amd64/libnativewindow_x11.so
7f403e590000-7f403e593000 ---p 00000000 00:00 0 
7f403e593000-7f403e691000 rw-p 00000000 00:00 0 
7f403e691000-7f403e696000 r-xp 00000000 08:01 12726051                   /usr/lib/x86_64-linux-gnu/libXxf86vm.so.1.0.0
7f403e696000-7f403e895000 ---p 00005000 08:01 12726051                   /usr/lib/x86_64-linux-gnu/libXxf86vm.so.1.0.0
7f403e895000-7f403e896000 r--p 00004000 08:01 12726051                   /usr/lib/x86_64-linux-gnu/libXxf86vm.so.1.0.0
7f403e896000-7f403e897000 rw-p 00005000 08:01 12726051                   /usr/lib/x86_64-linux-gnu/libXxf86vm.so.1.0.0
7f403e897000-7f403e899000 r-xp 00000000 08:01 21626971                   /tmp/jogamp_0000/file_cache/jln797981714744709243/jln396138244276341971/natives/linux-amd64/libnativewindow_awt.so
7f403e899000-7f403ea98000 ---p 00002000 08:01 21626971                   /tmp/jogamp_0000/file_cache/jln797981714744709243/jln396138244276341971/natives/linux-amd64/libnativewindow_awt.so
7f403ea98000-7f403ea99000 rw-p 00001000 08:01 21626971                   /tmp/jogamp_0000/file_cache/jln797981714744709243/jln396138244276341971/natives/linux-amd64/libnativewindow_awt.so
7f403ea99000-7f403ea9a000 r-xp 00000000 08:01 15730497                   /usr/lib/jvm/java-8-openjdk-amd64/jre/lib/amd64/libjawt.so
7f403ea9a000-7f403ec99000 ---p 00001000 08:01 15730497                   /usr/lib/jvm/java-8-openjdk-amd64/jre/lib/amd64/libjawt.so
7f403ec99000-7f403ec9a000 r--p 00000000 08:01 15730497                   /usr/lib/jvm/java-8-openjdk-amd64/jre/lib/amd64/libjawt.so
7f403ec9a000-7f403ec9b000 rw-p 00001000 08:01 15730497                   /usr/lib/jvm/java-8-openjdk-amd64/jre/lib/amd64/libjawt.so
7f403ec9b000-7f403ec9d000 r-xp 00000000 08:01 21626968                   /tmp/jogamp_0000/file_cache/jln797981714744709243/jln396138244276341971/natives/linux-amd64/libgluegen-rt.so
7f403ec9d000-7f403ee9c000 ---p 00002000 08:01 21626968                   /tmp/jogamp_0000/file_cache/jln797981714744709243/jln396138244276341971/natives/linux-amd64/libgluegen-rt.so
7f403ee9c000-7f403ee9d000 rw-p 00001000 08:01 21626968                   /tmp/jogamp_0000/file_cache/jln797981714744709243/jln396138244276341971/natives/linux-amd64/libgluegen-rt.so
7f403ee9d000-7f403eea0000 ---p 00000000 00:00 0 
7f403eea0000-7f403ef9e000 rw-p 00000000 00:00 0 
7f403ef9e000-7f403efaf000 r-xp 00000000 08:01 15730498                   /usr/lib/jvm/java-8-openjdk-amd64/jre/lib/amd64/libnio.so
7f403efaf000-7f403f1af000 ---p 00011000 08:01 15730498                   /usr/lib/jvm/java-8-openjdk-amd64/jre/lib/amd64/libnio.so
7f403f1af000-7f403f1b0000 r--p 00011000 08:01 15730498                   /usr/lib/jvm/java-8-openjdk-amd64/jre/lib/amd64/libnio.so
7f403f1b0000-7f403f1b1000 rw-p 00012000 08:01 15730498                   /usr/lib/jvm/java-8-openjdk-amd64/jre/lib/amd64/libnio.so
7f403f1b1000-7f403f4b2000 rw-p 00000000 00:00 0 
7f403f4b2000-7f403f4c9000 r-xp 00000000 08:01 15730490                   /usr/lib/jvm/java-8-openjdk-amd64/jre/lib/amd64/libnet.so
7f403f4c9000-7f403f6c8000 ---p 00017000 08:01 15730490                   /usr/lib/jvm/java-8-openjdk-amd64/jre/lib/amd64/libnet.so
7f403f6c8000-7f403f6c9000 r--p 00016000 08:01 15730490                   /usr/lib/jvm/java-8-openjdk-amd64/jre/lib/amd64/libnet.so
7f403f6c9000-7f403f6ca000 rw-p 00017000 08:01 15730490                   /usr/lib/jvm/java-8-openjdk-amd64/jre/lib/amd64/libnet.so
7f403f6ca000-7f403f8ca000 rw-p 00000000 00:00 0 
7f403f8ca000-7f403f8cd000 ---p 00000000 00:00 0 
7f403f8cd000-7f403f9cb000 rw-p 00000000 00:00 0 
7f403f9cb000-7f403f9d0000 r-xp 00000000 08:01 12725213                   /usr/lib/x86_64-linux-gnu/libXfixes.so.3.1.0
7f403f9d0000-7f403fbcf000 ---p 00005000 08:01 12725213                   /usr/lib/x86_64-linux-gnu/libXfixes.so.3.1.0
7f403fbcf000-7f403fbd0000 r--p 00004000 08:01 12725213                   /usr/lib/x86_64-linux-gnu/libXfixes.so.3.1.0
7f403fbd0000-7f403fbd1000 rw-p 00005000 08:01 12725213                   /usr/lib/x86_64-linux-gnu/libXfixes.so.3.1.0
7f403fbd1000-7f403fbda000 r-xp 00000000 08:01 12725215                   /usr/lib/x86_64-linux-gnu/libXcursor.so.1.0.2
7f403fbda000-7f403fdd9000 ---p 00009000 08:01 12725215                   /usr/lib/x86_64-linux-gnu/libXcursor.so.1.0.2
7f403fdd9000-7f403fdda000 r--p 00008000 08:01 12725215                   /usr/lib/x86_64-linux-gnu/libXcursor.so.1.0.2
7f403fdda000-7f403fddb000 rw-p 00009000 08:01 12725215                   /usr/lib/x86_64-linux-gnu/libXcursor.so.1.0.2
7f403fddb000-7f403fdff000 r-xp 00000000 08:01 17957135                   /lib/x86_64-linux-gnu/libpng12.so.0.54.0
7f403fdff000-7f403fffe000 ---p 00024000 08:01 17957135                   /lib/x86_64-linux-gnu/libpng12.so.0.54.0
7f403fffe000-7f403ffff000 r--p 00023000 08:01 17957135                   /lib/x86_64-linux-gnu/libpng12.so.0.54.0
7f403ffff000-7f4040000000 rw-p 00024000 08:01 17957135                   /lib/x86_64-linux-gnu/libpng12.so.0.54.0
7f4040000000-7f4040021000 rw-p 00000000 00:00 0 
7f4040021000-7f4044000000 ---p 00000000 00:00 0 
7f4044000000-7f4044021000 rw-p 00000000 00:00 0 
7f4044021000-7f4048000000 ---p 00000000 00:00 0 
7f4048000000-7f4048dd0000 rw-p 00000000 00:00 0 
7f4048dd0000-7f404c000000 ---p 00000000 00:00 0 
7f404c000000-7f404c592000 rw-p 00000000 00:00 0 
7f404c592000-7f4050000000 ---p 00000000 00:00 0 
7f4050000000-7f4050021000 rw-p 00000000 00:00 0 
7f4050021000-7f4054000000 ---p 00000000 00:00 0 
7f4054000000-7f4054d70000 rw-p 00000000 00:00 0 
7f4054d70000-7f4058000000 ---p 00000000 00:00 0 
7f4058000000-7f4058021000 rw-p 00000000 00:00 0 
7f4058021000-7f405c000000 ---p 00000000 00:00 0 
7f405c000000-7f405c021000 rw-p 00000000 00:00 0 
7f405c021000-7f4060000000 ---p 00000000 00:00 0 
7f4060000000-7f4060021000 rw-p 00000000 00:00 0 
7f4060021000-7f4064000000 ---p 00000000 00:00 0 
7f4064071000-7f406408f000 r-xp 00000000 08:01 17956896                   /lib/x86_64-linux-gnu/libudev.so.1.6.4
7f406408f000-7f4064090000 r--p 0001d000 08:01 17956896                   /lib/x86_64-linux-gnu/libudev.so.1.6.4
7f4064090000-7f4064091000 rw-p 0001e000 08:01 17956896                   /lib/x86_64-linux-gnu/libudev.so.1.6.4
7f4064091000-7f4064094000 ---p 00000000 00:00 0 
7f4064094000-7f40640ca000 rw-p 00000000 00:00 0 
7f40640ca000-7f40640cd000 ---p 00000000 00:00 0 
7f40640cd000-7f40641cb000 rw-p 00000000 00:00 0 
7f40641cb000-7f406426f000 r-xp 00000000 08:01 12715496                   /usr/lib/x86_64-linux-gnu/libfreetype.so.6.12.1
7f406426f000-7f406446e000 ---p 000a4000 08:01 12715496                   /usr/lib/x86_64-linux-gnu/libfreetype.so.6.12.1
7f406446e000-7f4064474000 r--p 000a3000 08:01 12715496                   /usr/lib/x86_64-linux-gnu/libfreetype.so.6.12.1
7f4064474000-7f4064475000 rw-p 000a9000 08:01 12715496                   /usr/lib/x86_64-linux-gnu/libfreetype.so.6.12.1
7f406449d000-7f40644ef000 r-xp 00000000 08:01 15730494                   /usr/lib/jvm/java-8-openjdk-amd64/jre/lib/amd64/libfontmanager.so
7f40644ef000-7f40646ef000 ---p 00052000 08:01 15730494                   /usr/lib/jvm/java-8-openjdk-amd64/jre/lib/amd64/libfontmanager.so
7f40646ef000-7f40646f1000 r--p 00052000 08:01 15730494                   /usr/lib/jvm/java-8-openjdk-amd64/jre/lib/amd64/libfontmanager.so
7f40646f1000-7f40646f2000 rw-p 00054000 08:01 15730494                   /usr/lib/jvm/java-8-openjdk-amd64/jre/lib/amd64/libfontmanager.so
7f40646f2000-7f4064705000 r--s 00346000 08:01 15730514                   /usr/lib/jvm/java-8-openjdk-amd64/jre/lib/resources.jar
7f4064705000-7f406470a000 r-xp 00000000 08:01 12720006                   /usr/lib/x86_64-linux-gnu/libXdmcp.so.6.0.0
7f406470a000-7f4064909000 ---p 00005000 08:01 12720006                   /usr/lib/x86_64-linux-gnu/libXdmcp.so.6.0.0
7f4064909000-7f406490a000 r--p 00004000 08:01 12720006                   /usr/lib/x86_64-linux-gnu/libXdmcp.so.6.0.0
7f406490a000-7f406490b000 rw-p 00005000 08:01 12720006                   /usr/lib/x86_64-linux-gnu/libXdmcp.so.6.0.0
7f406490b000-7f406490d000 r-xp 00000000 08:01 12720004                   /usr/lib/x86_64-linux-gnu/libXau.so.6.0.0
7f406490d000-7f4064b0d000 ---p 00002000 08:01 12720004                   /usr/lib/x86_64-linux-gnu/libXau.so.6.0.0
7f4064b0d000-7f4064b0e000 r--p 00002000 08:01 12720004                   /usr/lib/x86_64-linux-gnu/libXau.so.6.0.0
7f4064b0e000-7f4064b0f000 rw-p 00003000 08:01 12720004                   /usr/lib/x86_64-linux-gnu/libXau.so.6.0.0
7f4064b0f000-7f4064b30000 r-xp 00000000 08:01 12720008                   /usr/lib/x86_64-linux-gnu/libxcb.so.1.1.0
7f4064b30000-7f4064d2f000 ---p 00021000 08:01 12720008                   /usr/lib/x86_64-linux-gnu/libxcb.so.1.1.0
7f4064d2f000-7f4064d30000 r--p 00020000 08:01 12720008                   /usr/lib/x86_64-linux-gnu/libxcb.so.1.1.0
7f4064d30000-7f4064d31000 rw-p 00021000 08:01 12720008                   /usr/lib/x86_64-linux-gnu/libxcb.so.1.1.0
7f4064d31000-7f4064d40000 r-xp 00000000 08:01 12725219                   /usr/lib/x86_64-linux-gnu/libXi.so.6.1.0
7f4064d40000-7f4064f3f000 ---p 0000f000 08:01 12725219                   /usr/lib/x86_64-linux-gnu/libXi.so.6.1.0
7f4064f3f000-7f4064f40000 r--p 0000e000 08:01 12725219                   /usr/lib/x86_64-linux-gnu/libXi.so.6.1.0
7f4064f40000-7f4064f41000 rw-p 0000f000 08:01 12725219                   /usr/lib/x86_64-linux-gnu/libXi.so.6.1.0
7f4064f41000-7f4064f46000 r-xp 00000000 08:01 12725324                   /usr/lib/x86_64-linux-gnu/libXtst.so.6.1.0
7f4064f46000-7f4065145000 ---p 00005000 08:01 12725324                   /usr/lib/x86_64-linux-gnu/libXtst.so.6.1.0
7f4065145000-7f4065146000 r--p 00004000 08:01 12725324                   /usr/lib/x86_64-linux-gnu/libXtst.so.6.1.0
7f4065146000-7f4065147000 rw-p 00005000 08:01 12725324                   /usr/lib/x86_64-linux-gnu/libXtst.so.6.1.0
7f4065147000-7f4065150000 r-xp 00000000 08:01 12725044                   /usr/lib/x86_64-linux-gnu/libXrender.so.1.3.0
7f4065150000-7f406534f000 ---p 00009000 08:01 12725044                   /usr/lib/x86_64-linux-gnu/libXrender.so.1.3.0
7f406534f000-7f4065350000 r--p 00008000 08:01 12725044                   /usr/lib/x86_64-linux-gnu/libXrender.so.1.3.0
7f4065350000-7f4065351000 rw-p 00009000 08:01 12725044                   /usr/lib/x86_64-linux-gnu/libXrender.so.1.3.0
7f4065351000-7f4065486000 r-xp 00000000 08:01 12720013                   /usr/lib/x86_64-linux-gnu/libX11.so.6.3.0
7f4065486000-7f4065686000 ---p 00135000 08:01 12720013                   /usr/lib/x86_64-linux-gnu/libX11.so.6.3.0
7f4065686000-7f4065687000 r--p 00135000 08:01 12720013                   /usr/lib/x86_64-linux-gnu/libX11.so.6.3.0
7f4065687000-7f406568b000 rw-p 00136000 08:01 12720013                   /usr/lib/x86_64-linux-gnu/libX11.so.6.3.0
7f406568b000-7f406569c000 r-xp 00000000 08:01 12720015                   /usr/lib/x86_64-linux-gnu/libXext.so.6.4.0
7f406569c000-7f406589b000 ---p 00011000 08:01 12720015                   /usr/lib/x86_64-linux-gnu/libXext.so.6.4.0
7f406589b000-7f406589c000 r--p 00010000 08:01 12720015                   /usr/lib/x86_64-linux-gnu/libXext.so.6.4.0
7f406589c000-7f406589d000 rw-p 00011000 08:01 12720015                   /usr/lib/x86_64-linux-gnu/libXext.so.6.4.0
7f406589f000-7f40658c5000 r--p 00000000 08:01 14289593                   /usr/share/locale-langpack/fr/LC_MESSAGES/libc.mo
7f40658c5000-7f4065919000 r-xp 00000000 08:01 15730506                   /usr/lib/jvm/java-8-openjdk-amd64/jre/lib/amd64/libawt_xawt.so
7f4065919000-7f4065b19000 ---p 00054000 08:01 15730506                   /usr/lib/jvm/java-8-openjdk-amd64/jre/lib/amd64/libawt_xawt.so
7f4065b19000-7f4065b1a000 r--p 00054000 08:01 15730506                   /usr/lib/jvm/java-8-openjdk-amd64/jre/lib/amd64/libawt_xawt.so
7f4065b1a000-7f4065b1d000 rw-p 00055000 08:01 15730506                   /usr/lib/jvm/java-8-openjdk-amd64/jre/lib/amd64/libawt_xawt.so
7f4065b1d000-7f4065b1e000 rw-p 00000000 00:00 0 
7f4065b1e000-7f4065bbe000 r-xp 00000000 08:01 15730511                   /usr/lib/jvm/java-8-openjdk-amd64/jre/lib/amd64/libawt.so
7f4065bbe000-7f4065dbe000 ---p 000a0000 08:01 15730511                   /usr/lib/jvm/java-8-openjdk-amd64/jre/lib/amd64/libawt.so
7f4065dbe000-7f4065dbf000 r--p 000a0000 08:01 15730511                   /usr/lib/jvm/java-8-openjdk-amd64/jre/lib/amd64/libawt.so
7f4065dbf000-7f4065dca000 rw-p 000a1000 08:01 15730511                   /usr/lib/jvm/java-8-openjdk-amd64/jre/lib/amd64/libawt.so
7f4065dca000-7f4065def000 rw-p 00000000 00:00 0 
7f4065def000-7f4065df2000 ---p 00000000 00:00 0 
7f4065df2000-7f4065ef0000 rw-p 00000000 00:00 0 
7f4065ef0000-7f4065f14000 r--s 0031e000 00:2c 27803506                   /home/mayet/prog3D/jogamp-all-platforms/jar/jogl-all.jar
7f4065f14000-7f4065f2f000 r--s 001d6000 08:01 15730524                   /usr/lib/jvm/java-8-openjdk-amd64/jre/lib/ext/nashorn.jar
7f4065f2f000-7f4065fc5000 r--s 008d7000 08:01 14425859                   /usr/share/java/openjfx/jre/lib/ext/jfxrt.jar
7f4065fc5000-7f4065fc6000 ---p 00000000 00:00 0 
7f4065fc6000-7f40660c6000 rw-p 00000000 00:00 0 
7f40660c6000-7f40660c9000 ---p 00000000 00:00 0 
7f40660c9000-7f40661c7000 rw-p 00000000 00:00 0 
7f40661c7000-7f40661ca000 ---p 00000000 00:00 0 
7f40661ca000-7f40662c8000 rw-p 00000000 00:00 0 
7f40662c8000-7f40662cb000 ---p 00000000 00:00 0 
7f40662cb000-7f40663c9000 rw-p 00000000 00:00 0 
7f40663c9000-7f40663cc000 ---p 00000000 00:00 0 
7f40663cc000-7f40664ca000 rw-p 00000000 00:00 0 
7f40664ca000-7f40664cd000 ---p 00000000 00:00 0 
7f40664cd000-7f40665cb000 rw-p 00000000 00:00 0 
7f40665cb000-7f40668f1000 r--p 00000000 08:01 12715506                   /usr/lib/locale/locale-archive
7f40668f1000-7f40668f4000 ---p 00000000 00:00 0 
7f40668f4000-7f40669f2000 rw-p 00000000 00:00 0 
7f40669f2000-7f40669f5000 ---p 00000000 00:00 0 
7f40669f5000-7f4066af3000 rw-p 00000000 00:00 0 
7f4066af3000-7f4066af4000 ---p 00000000 00:00 0 
7f4066af4000-7f4068000000 rw-p 00000000 00:00 0 
7f4068000000-7f4068021000 rw-p 00000000 00:00 0 
7f4068021000-7f406c000000 ---p 00000000 00:00 0 
7f406c00e000-7f4070000000 rw-p 00000000 00:00 0 
7f4070000000-7f4070021000 rw-p 00000000 00:00 0 
7f4070021000-7f4074000000 ---p 00000000 00:00 0 
7f4074000000-7f4074021000 rw-p 00000000 00:00 0 
7f4074021000-7f4078000000 ---p 00000000 00:00 0 
7f4078000000-7f4078021000 rw-p 00000000 00:00 0 
7f4078021000-7f407c000000 ---p 00000000 00:00 0 
7f407c003000-7f407c004000 rwxp 00000000 00:00 0 
7f407c004000-7f407c005000 rw-s 115a10000 00:06 364                       /dev/dri/card0
7f407c005000-7f407c007000 r--s 00000000 00:2c 27803395                   /home/mayet/prog3D/jogamp-all-platforms/jar/gluegen-rt-natives-linux-amd64.jar
7f407c007000-7f407c00b000 r--s 0009a000 08:01 15730535                   /usr/lib/jvm/java-8-openjdk-amd64/jre/lib/jsse.jar
7f407c00b000-7f407c012000 r--s 00000000 08:01 12717991                   /usr/lib/x86_64-linux-gnu/gconv/gconv-modules.cache
7f407c012000-7f407c018000 r--s 0004f000 00:2c 27803404                   /home/mayet/prog3D/jogamp-all-platforms/jar/gluegen-rt.jar
7f407c018000-7f407c166000 rw-p 00000000 00:00 0 
7f407c166000-7f407c334000 r--s 03c06000 08:01 15730539                   /usr/lib/jvm/java-8-openjdk-amd64/jre/lib/rt.jar
7f407c334000-7f407c789000 rw-p 00000000 00:00 0 
7f407c789000-7f407c78a000 ---p 00000000 00:00 0 
7f407c78a000-7f407c88a000 rw-p 00000000 00:00 0 
7f407c88a000-7f407c88b000 ---p 00000000 00:00 0 
7f407c88b000-7f407c9b5000 rw-p 00000000 00:00 0 
7f407c9b5000-7f407cc20000 ---p 00000000 00:00 0 
7f407cc20000-7f407cc4a000 rw-p 00000000 00:00 0 
7f407cc4a000-7f407ceb4000 ---p 00000000 00:00 0 
7f407ceb4000-7f407cefd000 rw-p 00000000 00:00 0 
7f407cefd000-7f407cfff000 ---p 00000000 00:00 0 
7f407cfff000-7f407d000000 rw-p 00000000 00:00 0 
7f407d000000-7f407d6a0000 rwxp 00000000 00:00 0 
7f407d6a0000-7f408c000000 ---p 00000000 00:00 0 
7f408c000000-7f408ca85000 rw-p 00000000 00:00 0 
7f408ca85000-7f4090000000 ---p 00000000 00:00 0 
7f4090000000-7f4090005000 r--s 0003b000 08:01 15730532                   /usr/lib/jvm/java-8-openjdk-amd64/jre/lib/ext/sunjce_provider.jar
7f4090005000-7f4090006000 ---p 00000000 00:00 0 
7f4090006000-7f4090106000 rw-p 00000000 00:00 0 
7f4090106000-7f4090107000 ---p 00000000 00:00 0 
7f4090107000-7f4090222000 rw-p 00000000 00:00 0 
7f4090222000-7f40905c7000 ---p 00000000 00:00 0 
7f40905c7000-7f40905cf000 r-xp 00000000 08:01 15730488                   /usr/lib/jvm/java-8-openjdk-amd64/jre/lib/amd64/libzip.so
7f40905cf000-7f40907ce000 ---p 00008000 08:01 15730488                   /usr/lib/jvm/java-8-openjdk-amd64/jre/lib/amd64/libzip.so
7f40907ce000-7f40907cf000 r--p 00007000 08:01 15730488                   /usr/lib/jvm/java-8-openjdk-amd64/jre/lib/amd64/libzip.so
7f40907cf000-7f40907d0000 rw-p 00008000 08:01 15730488                   /usr/lib/jvm/java-8-openjdk-amd64/jre/lib/amd64/libzip.so
7f40907d0000-7f40907fd000 r-xp 00000000 08:01 15730513                   /usr/lib/jvm/java-8-openjdk-amd64/jre/lib/amd64/libjava.so
7f40907fd000-7f40909fc000 ---p 0002d000 08:01 15730513                   /usr/lib/jvm/java-8-openjdk-amd64/jre/lib/amd64/libjava.so
7f40909fc000-7f40909fd000 r--p 0002c000 08:01 15730513                   /usr/lib/jvm/java-8-openjdk-amd64/jre/lib/amd64/libjava.so
7f40909fd000-7f40909ff000 rw-p 0002d000 08:01 15730513                   /usr/lib/jvm/java-8-openjdk-amd64/jre/lib/amd64/libjava.so
7f40909ff000-7f4090a0e000 r-xp 00000000 08:01 15730481                   /usr/lib/jvm/java-8-openjdk-amd64/jre/lib/amd64/libverify.so
7f4090a0e000-7f4090c0d000 ---p 0000f000 08:01 15730481                   /usr/lib/jvm/java-8-openjdk-amd64/jre/lib/amd64/libverify.so
7f4090c0d000-7f4090c0f000 r--p 0000e000 08:01 15730481                   /usr/lib/jvm/java-8-openjdk-amd64/jre/lib/amd64/libverify.so
7f4090c0f000-7f4090c10000 rw-p 00010000 08:01 15730481                   /usr/lib/jvm/java-8-openjdk-amd64/jre/lib/amd64/libverify.so
7f4090c10000-7f4090c17000 r-xp 00000000 08:01 17957320                   /lib/x86_64-linux-gnu/librt-2.23.so
7f4090c17000-7f4090e16000 ---p 00007000 08:01 17957320                   /lib/x86_64-linux-gnu/librt-2.23.so
7f4090e16000-7f4090e17000 r--p 00006000 08:01 17957320                   /lib/x86_64-linux-gnu/librt-2.23.so
7f4090e17000-7f4090e18000 rw-p 00007000 08:01 17957320                   /lib/x86_64-linux-gnu/librt-2.23.so
7f4090e18000-7f4090e2e000 r-xp 00000000 08:01 17956929                   /lib/x86_64-linux-gnu/libgcc_s.so.1
7f4090e2e000-7f409102d000 ---p 00016000 08:01 17956929                   /lib/x86_64-linux-gnu/libgcc_s.so.1
7f409102d000-7f409102e000 rw-p 00015000 08:01 17956929                   /lib/x86_64-linux-gnu/libgcc_s.so.1
7f409102e000-7f4091136000 r-xp 00000000 08:01 17957299                   /lib/x86_64-linux-gnu/libm-2.23.so
7f4091136000-7f4091335000 ---p 00108000 08:01 17957299                   /lib/x86_64-linux-gnu/libm-2.23.so
7f4091335000-7f4091336000 r--p 00107000 08:01 17957299                   /lib/x86_64-linux-gnu/libm-2.23.so
7f4091336000-7f4091337000 rw-p 00108000 08:01 17957299                   /lib/x86_64-linux-gnu/libm-2.23.so
7f4091337000-7f40914a9000 r-xp 00000000 08:01 12716945                   /usr/lib/x86_64-linux-gnu/libstdc++.so.6.0.21
7f40914a9000-7f40916a9000 ---p 00172000 08:01 12716945                   /usr/lib/x86_64-linux-gnu/libstdc++.so.6.0.21
7f40916a9000-7f40916b3000 r--p 00172000 08:01 12716945                   /usr/lib/x86_64-linux-gnu/libstdc++.so.6.0.21
7f40916b3000-7f40916b5000 rw-p 0017c000 08:01 12716945                   /usr/lib/x86_64-linux-gnu/libstdc++.so.6.0.21
7f40916b5000-7f40916b9000 rw-p 00000000 00:00 0 
7f40916b9000-7f4092309000 r-xp 00000000 08:01 15730508                   /usr/lib/jvm/java-8-openjdk-amd64/jre/lib/amd64/server/libjvm.so
7f4092309000-7f4092508000 ---p 00c50000 08:01 15730508                   /usr/lib/jvm/java-8-openjdk-amd64/jre/lib/amd64/server/libjvm.so
7f4092508000-7f409259b000 r--p 00c4f000 08:01 15730508                   /usr/lib/jvm/java-8-openjdk-amd64/jre/lib/amd64/server/libjvm.so
7f409259b000-7f40925c4000 rw-p 00ce2000 08:01 15730508                   /usr/lib/jvm/java-8-openjdk-amd64/jre/lib/amd64/server/libjvm.so
7f40925c4000-7f40925f4000 rw-p 00000000 00:00 0 
7f40925f4000-7f409260c000 r-xp 00000000 08:01 17957328                   /lib/x86_64-linux-gnu/libpthread-2.23.so
7f409260c000-7f409280b000 ---p 00018000 08:01 17957328                   /lib/x86_64-linux-gnu/libpthread-2.23.so
7f409280b000-7f409280c000 r--p 00017000 08:01 17957328                   /lib/x86_64-linux-gnu/libpthread-2.23.so
7f409280c000-7f409280d000 rw-p 00018000 08:01 17957328                   /lib/x86_64-linux-gnu/libpthread-2.23.so
7f409280d000-7f4092811000 rw-p 00000000 00:00 0 
7f4092811000-7f4092814000 r-xp 00000000 08:01 17957295                   /lib/x86_64-linux-gnu/libdl-2.23.so
7f4092814000-7f4092a13000 ---p 00003000 08:01 17957295                   /lib/x86_64-linux-gnu/libdl-2.23.so
7f4092a13000-7f4092a14000 r--p 00002000 08:01 17957295                   /lib/x86_64-linux-gnu/libdl-2.23.so
7f4092a14000-7f4092a15000 rw-p 00003000 08:01 17957295                   /lib/x86_64-linux-gnu/libdl-2.23.so
7f4092a15000-7f4092a2e000 r-xp 00000000 08:01 17957091                   /lib/x86_64-linux-gnu/libz.so.1.2.8
7f4092a2e000-7f4092c2d000 ---p 00019000 08:01 17957091                   /lib/x86_64-linux-gnu/libz.so.1.2.8
7f4092c2d000-7f4092c2e000 r--p 00018000 08:01 17957091                   /lib/x86_64-linux-gnu/libz.so.1.2.8
7f4092c2e000-7f4092c2f000 rw-p 00019000 08:01 17957091                   /lib/x86_64-linux-gnu/libz.so.1.2.8
7f4092c2f000-7f4092dee000 r-xp 00000000 08:01 17957303                   /lib/x86_64-linux-gnu/libc-2.23.so
7f4092dee000-7f4092fee000 ---p 001bf000 08:01 17957303                   /lib/x86_64-linux-gnu/libc-2.23.so
7f4092fee000-7f4092ff2000 r--p 001bf000 08:01 17957303                   /lib/x86_64-linux-gnu/libc-2.23.so
7f4092ff2000-7f4092ff4000 rw-p 001c3000 08:01 17957303                   /lib/x86_64-linux-gnu/libc-2.23.so
7f4092ff4000-7f4092ff8000 rw-p 00000000 00:00 0 
7f4092ff8000-7f4093005000 r-xp 00000000 08:01 15730503                   /usr/lib/jvm/java-8-openjdk-amd64/jre/lib/amd64/jli/libjli.so
7f4093005000-7f4093205000 ---p 0000d000 08:01 15730503                   /usr/lib/jvm/java-8-openjdk-amd64/jre/lib/amd64/jli/libjli.so
7f4093205000-7f4093206000 r--p 0000d000 08:01 15730503                   /usr/lib/jvm/java-8-openjdk-amd64/jre/lib/amd64/jli/libjli.so
7f4093206000-7f4093207000 rw-p 0000e000 08:01 15730503                   /usr/lib/jvm/java-8-openjdk-amd64/jre/lib/amd64/jli/libjli.so
7f4093207000-7f409322d000 r-xp 00000000 08:01 17957305                   /lib/x86_64-linux-gnu/ld-2.23.so
7f409322d000-7f409322e000 r--s 00036000 00:2c 27803485                   /home/mayet/prog3D/jogamp-all-platforms/jar/jogl-all-natives-linux-amd64.jar
7f409322e000-7f409322f000 r--p 00000000 00:00 0 
7f409322f000-7f4093230000 r--s 0000b000 00:2c 27803349                   /home/mayet/prog3D/PenduleDeCalder_OpenGL/libs/org.json.jar
7f4093230000-7f4093231000 r--s 00004000 00:2c 27829527                   /home/mayet/prog3D/PenduleDeCalder_OpenGL/bin/Main.jar
7f4093231000-7f4093235000 r--s 00037000 08:01 15730530                   /usr/lib/jvm/java-8-openjdk-amd64/jre/lib/ext/sunpkcs11.jar
7f4093235000-7f4093236000 r--s 00010000 08:01 15730529                   /usr/lib/jvm/java-8-openjdk-amd64/jre/lib/ext/zipfs.jar
7f4093236000-7f4093238000 r--s 00008000 08:01 15730523                   /usr/lib/jvm/java-8-openjdk-amd64/jre/lib/ext/sunec.jar
7f4093238000-7f4093242000 r--s 00116000 08:01 15730531                   /usr/lib/jvm/java-8-openjdk-amd64/jre/lib/ext/localedata.jar
7f4093242000-7f4093245000 r--s 0000f000 08:01 15730527                   /usr/lib/jvm/java-8-openjdk-amd64/jre/lib/ext/icedtea-sound.jar
7f4093245000-7f40932c7000 rw-p 00000000 00:00 0 
7f40932c7000-7f40932fc000 r--s 00000000 08:01 28445109                   /var/cache/nscd/passwd
7f40932fc000-7f40932ff000 ---p 00000000 00:00 0 
7f40932ff000-7f4093402000 rw-p 00000000 00:00 0 
7f4093402000-7f4093403000 r--s 0000a000 08:01 15730533                   /usr/lib/jvm/java-8-openjdk-amd64/jre/lib/ext/jaccess.jar
7f4093403000-7f4093405000 r--s 00001000 08:01 15730526                   /usr/lib/jvm/java-8-openjdk-amd64/jre/lib/ext/dnsns.jar
7f4093405000-7f4093420000 r--s 00394000 08:01 15730528                   /usr/lib/jvm/java-8-openjdk-amd64/jre/lib/ext/cldrdata.jar
7f4093420000-7f4093428000 rw-s 00000000 08:01 21626963                   /tmp/hsperfdata_mayet/12172
7f4093428000-7f4093429000 rw-p 00000000 00:00 0 
7f4093429000-7f409342a000 r--p 00000000 00:00 0 
7f409342a000-7f409342c000 rw-p 00000000 00:00 0 
7f409342c000-7f409342d000 r--p 00025000 08:01 17957305                   /lib/x86_64-linux-gnu/ld-2.23.so
7f409342d000-7f409342e000 rw-p 00026000 08:01 17957305                   /lib/x86_64-linux-gnu/ld-2.23.so
7f409342e000-7f409342f000 rw-p 00000000 00:00 0 
7ffe1ab6b000-7ffe1ab8c000 rw-p 00000000 00:00 0                          [stack]
7ffe1abae000-7ffe1abb0000 r--p 00000000 00:00 0                          [vvar]
7ffe1abb0000-7ffe1abb2000 r-xp 00000000 00:00 0                          [vdso]
ffffffffff600000-ffffffffff601000 r-xp 00000000 00:00 0                  [vsyscall]

VM Arguments:
java_command: /home/mayet/prog3D/PenduleDeCalder_OpenGL/bin/Main.jar
java_class_path (initial): /home/mayet/prog3D/PenduleDeCalder_OpenGL/bin/Main.jar
Launcher Type: SUN_STANDARD

Environment Variables:
PATH=/usr/local/bin:/usr/bin:/bin:/snap/bin:/opt/netkit/bin:/opt/android-sdk-linux/tools:/opt/android-sdk-linux/platform-tools:
SHELL=/bin/bash
DISPLAY=:0.0

Signal Handlers:
SIGSEGV: [libjvm.so+0xa66fd0], sa_mask[0]=11111111011111111101111111111110, sa_flags=SA_RESTART|SA_SIGINFO
SIGBUS: [libjvm.so+0xa66fd0], sa_mask[0]=11111111011111111101111111111110, sa_flags=SA_RESTART|SA_SIGINFO
SIGFPE: [libjvm.so+0x8b0180], sa_mask[0]=11111111011111111101111111111110, sa_flags=SA_RESTART|SA_SIGINFO
SIGPIPE: [libjvm.so+0x8b0180], sa_mask[0]=11111111011111111101111111111110, sa_flags=SA_RESTART|SA_SIGINFO
SIGXFSZ: [libjvm.so+0x8b0180], sa_mask[0]=11111111011111111101111111111110, sa_flags=SA_RESTART|SA_SIGINFO
SIGILL: [libjvm.so+0x8b0180], sa_mask[0]=11111111011111111101111111111110, sa_flags=SA_RESTART|SA_SIGINFO
SIGUSR1: SIG_DFL, sa_mask[0]=00000000000000000000000000000000, sa_flags=none
SIGUSR2: [libjvm.so+0x8b0030], sa_mask[0]=00100000000000000000000000000000, sa_flags=SA_RESTART|SA_SIGINFO
SIGHUP: [libjvm.so+0x8b0500], sa_mask[0]=11111111011111111101111111111110, sa_flags=SA_RESTART|SA_SIGINFO
SIGINT: [libjvm.so+0x8b0500], sa_mask[0]=11111111011111111101111111111110, sa_flags=SA_RESTART|SA_SIGINFO
SIGTERM: [libjvm.so+0x8b0500], sa_mask[0]=11111111011111111101111111111110, sa_flags=SA_RESTART|SA_SIGINFO
SIGQUIT: [libjvm.so+0x8b0500], sa_mask[0]=11111111011111111101111111111110, sa_flags=SA_RESTART|SA_SIGINFO


---------------  S Y S T E M  ---------------

OS:DISTRIB_ID=Ubuntu
DISTRIB_RELEASE=16.04
DISTRIB_CODENAME=xenial
DISTRIB_DESCRIPTION="Ubuntu 16.04.2 LTS"

uname:Linux 4.4.0-34-generic #53-Ubuntu SMP Wed Jul 27 16:06:39 UTC 2016 x86_64
libc:glibc 2.23 NPTL 2.23 
rlimit: STACK 8192k, CORE 0k, NPROC 31552, NOFILE 65536, AS infinity
load average:0,47 0,46 0,38

/proc/meminfo:
MemTotal:        8116252 kB
MemFree:         3622468 kB
MemAvailable:    5911576 kB
Buffers:          293036 kB
Cached:          2189692 kB
SwapCached:            0 kB
Active:          2850832 kB
Inactive:        1295608 kB
Active(anon):    1665060 kB
Inactive(anon):    94932 kB
Active(file):    1185772 kB
Inactive(file):  1200676 kB
Unevictable:         232 kB
Mlocked:             232 kB
SwapTotal:         92156 kB
SwapFree:          92156 kB
Dirty:                88 kB
Writeback:             0 kB
AnonPages:       1663332 kB
Mapped:           450652 kB
Shmem:             96288 kB
Slab:             242276 kB
SReclaimable:     206412 kB
SUnreclaim:        35864 kB
KernelStack:        8736 kB
PageTables:        35044 kB
NFS_Unstable:         40 kB
Bounce:                0 kB
WritebackTmp:          0 kB
CommitLimit:     4150280 kB
Committed_AS:    5473436 kB
VmallocTotal:   34359738367 kB
VmallocUsed:           0 kB
VmallocChunk:          0 kB
HardwareCorrupted:     0 kB
AnonHugePages:    694272 kB
CmaTotal:              0 kB
CmaFree:               0 kB
HugePages_Total:       0
HugePages_Free:        0
HugePages_Rsvd:        0
HugePages_Surp:        0
Hugepagesize:       2048 kB
DirectMap4k:      158180 kB
DirectMap2M:     5025792 kB
DirectMap1G:     4194304 kB


CPU:total 4 (4 cores per cpu, 1 threads per core) family 6 model 60 stepping 3, cmov, cx8, fxsr, mmx, sse, sse2, sse3, ssse3, sse4.1, sse4.2, popcnt, avx, avx2, aes, clmul, erms, lzcnt, tsc, tscinvbit, bmi1, bmi2

/proc/cpuinfo:
processor	: 0
vendor_id	: GenuineIntel
cpu family	: 6
model		: 60
model name	: Intel(R) Core(TM) i5-4590 CPU @ 3.30GHz
stepping	: 3
microcode	: 0x1c
cpu MHz		: 3396.421
cache size	: 6144 KB
physical id	: 0
siblings	: 4
core id		: 0
cpu cores	: 4
apicid		: 0
initial apicid	: 0
fpu		: yes
fpu_exception	: yes
cpuid level	: 13
wp		: yes
flags		: fpu vme de pse tsc msr pae mce cx8 apic sep mtrr pge mca cmov pat pse36 clflush dts acpi mmx fxsr sse sse2 ss ht tm pbe syscall nx pdpe1gb rdtscp lm constant_tsc arch_perfmon pebs bts rep_good nopl xtopology nonstop_tsc aperfmperf eagerfpu pni pclmulqdq dtes64 monitor ds_cpl vmx smx est tm2 ssse3 sdbg fma cx16 xtpr pdcm pcid sse4_1 sse4_2 x2apic movbe popcnt tsc_deadline_timer aes xsave avx f16c rdrand lahf_lm abm epb tpr_shadow vnmi flexpriority ept vpid fsgsbase tsc_adjust bmi1 avx2 smep bmi2 erms invpcid xsaveopt dtherm ida arat pln pts
bugs		:
bogomips	: 6584.92
clflush size	: 64
cache_alignment	: 64
address sizes	: 39 bits physical, 48 bits virtual
power management:

processor	: 1
vendor_id	: GenuineIntel
cpu family	: 6
model		: 60
model name	: Intel(R) Core(TM) i5-4590 CPU @ 3.30GHz
stepping	: 3
microcode	: 0x1c
cpu MHz		: 3410.730
cache size	: 6144 KB
physical id	: 0
siblings	: 4
core id		: 1
cpu cores	: 4
apicid		: 2
initial apicid	: 2
fpu		: yes
fpu_exception	: yes
cpuid level	: 13
wp		: yes
flags		: fpu vme de pse tsc msr pae mce cx8 apic sep mtrr pge mca cmov pat pse36 clflush dts acpi mmx fxsr sse sse2 ss ht tm pbe syscall nx pdpe1gb rdtscp lm constant_tsc arch_perfmon pebs bts rep_good nopl xtopology nonstop_tsc aperfmperf eagerfpu pni pclmulqdq dtes64 monitor ds_cpl vmx smx est tm2 ssse3 sdbg fma cx16 xtpr pdcm pcid sse4_1 sse4_2 x2apic movbe popcnt tsc_deadline_timer aes xsave avx f16c rdrand lahf_lm abm epb tpr_shadow vnmi flexpriority ept vpid fsgsbase tsc_adjust bmi1 avx2 smep bmi2 erms invpcid xsaveopt dtherm ida arat pln pts
bugs		:
bogomips	: 6584.92
clflush size	: 64
cache_alignment	: 64
address sizes	: 39 bits physical, 48 bits virtual
power management:

processor	: 2
vendor_id	: GenuineIntel
cpu family	: 6
model		: 60
model name	: Intel(R) Core(TM) i5-4590 CPU @ 3.30GHz
stepping	: 3
microcode	: 0x1c
cpu MHz		: 3307.476
cache size	: 6144 KB
physical id	: 0
siblings	: 4
core id		: 2
cpu cores	: 4
apicid		: 4
initial apicid	: 4
fpu		: yes
fpu_exception	: yes
cpuid level	: 13
wp		: yes
flags		: fpu vme de pse tsc msr pae mce cx8 apic sep mtrr pge mca cmov pat pse36 clflush dts acpi mmx fxsr sse sse2 ss ht tm pbe syscall nx pdpe1gb rdtscp lm constant_tsc arch_perfmon pebs bts rep_good nopl xtopology nonstop_tsc aperfmperf eagerfpu pni pclmulqdq dtes64 monitor ds_cpl vmx smx est tm2 ssse3 sdbg fma cx16 xtpr pdcm pcid sse4_1 sse4_2 x2apic movbe popcnt tsc_deadline_timer aes xsave avx f16c rdrand lahf_lm abm epb tpr_shadow vnmi flexpriority ept vpid fsgsbase tsc_adjust bmi1 avx2 smep bmi2 erms invpcid xsaveopt dtherm ida arat pln pts
bugs		:
bogomips	: 6584.92
clflush size	: 64
cache_alignment	: 64
address sizes	: 39 bits physical, 48 bits virtual
power management:

processor	: 3
vendor_id	: GenuineIntel
cpu family	: 6
model		: 60
model name	: Intel(R) Core(TM) i5-4590 CPU @ 3.30GHz
stepping	: 3
microcode	: 0x1c
cpu MHz		: 3315.339
cache size	: 6144 KB
physical id	: 0
siblings	: 4
core id		: 3
cpu cores	: 4
apicid		: 6
initial apicid	: 6
fpu		: yes
fpu_exception	: yes
cpuid level	: 13
wp		: yes
flags		: fpu vme de pse tsc msr pae mce cx8 apic sep mtrr pge mca cmov pat pse36 clflush dts acpi mmx fxsr sse sse2 ss ht tm pbe syscall nx pdpe1gb rdtscp lm constant_tsc arch_perfmon pebs bts rep_good nopl xtopology nonstop_tsc aperfmperf eagerfpu pni pclmulqdq dtes64 monitor ds_cpl vmx smx est tm2 ssse3 sdbg fma cx16 xtpr pdcm pcid sse4_1 sse4_2 x2apic movbe popcnt tsc_deadline_timer aes xsave avx f16c rdrand lahf_lm abm epb tpr_shadow vnmi flexpriority ept vpid fsgsbase tsc_adjust bmi1 avx2 smep bmi2 erms invpcid xsaveopt dtherm ida arat pln pts
bugs		:
bogomips	: 6584.92
clflush size	: 64
cache_alignment	: 64
address sizes	: 39 bits physical, 48 bits virtual
power management:



Memory: 4k page, physical 8116252k(3622468k free), swap 92156k(92156k free)

vm_info: OpenJDK 64-Bit Server VM (25.121-b13) for linux-amd64 JRE (1.8.0_121-8u121-b13-0ubuntu1.16.04.2-b13), built on Jan 23 2017 15:51:29 by "buildd" with gcc 5.4.0 20160609

time: Tue Apr  4 11:14:51 2017
elapsed time: 45 seconds (0d 0h 0m 45s)

